sample_wgts	HHID_79	nonmissing	LogWage	yearborn	black	AFQTStd	EarlyIQStd
674417	7	0	6.747587	64	0	-.0334141	
637257	9	0	6.96025	63	0	.1354502	
741859	15	0	7.058223	64	0	.8477567	
129483	40	0	7.631772	62	0	.1515125	
564561	42	0	7.171978	63	0	-.8840766	
576974	66	0	8.037749	64	0	-.5634587	
576974	69	0	7.403061	64	0	1.124099	
545183	70	0	7.980718	63	0	2.436729	
544924	73	0	7.338238	63	0	.663766	
576700	74	0	7.038319	64	0	-.143944	
544924	80	0	6.370428	63	0	.6347818	
576700	80	0	6.724901	64	0	-.4545149	
160046	85	1	6.345109	63	1	-1.770412	-2.027969
477050	93	0	6.655573	64	0	-.5634587	
437063	107	0	7.17195	62	0	.2529722	
469582	120	0	7.797666	62	0	1.931872	
469582	123	0	7.155632	62	0	1.277607	
505963	134	0	7.166184	64	0	-.2014784	
478084	137	0	7.022136	63	0	.4688401	
419404	145	1	6.440723	62	0	.1012323	-.2444641
505963	145	0	6.324359	64	0	1.346364	
478084	148	0	7.16055	63	0	.4957018	
450765	155	0	7.215228	63	0	-.2749391	
395438	162	0	7.648042	62	0	.7899256	
395438	165	0	7.149049	62	0	.2274529	
514782	171	0	7.355042	62	0	.8927	
415287	173	0	7.040597	62	0	.202048	
482208	183	0	6.894998	64	0	.3017527	
482208	186	0	7.255007	64	0	.1500129	
455638	190	0	7.282431	63	0	.7231943	
482208	193	0	7.437755	64	0	.4271762	
535787	196	0	7.594928	64	0	1.692661	
506265	198	1	7.204907	63	0	.4422347	.1727685
562367	206	0	7.078969	62	0	-1.029241	
435094	210	0	7.424184	62	0	.1263486	
435094	212	0	7.738736	62	0	2.377427	
524891	212	0	7.152566	64	0	.4523401	
209245	221	0	6.950228	62	1	-1.829715	
545354	230	0	6.754015	64	0	-.2014784	
545354	231	0	6.790488	64	0	-.5259899	
515304	235	0	7.466059	63	0	.4158621	
577077	245	1	7.360493	64	0	1.193528	.5075011
613523	253	0	6.3917	64	0	-.4202869	
516651	256	0	6.569564	64	0	.0985592	
488183	260	0	7.138927	63	0	.6347818	
428264	262	0	7.007901	62	0	-.1764662	
428264	270	0	7.245358	62	0	.6339203	
448657	279	0	7.300424	62	0	.0761476	
540282	295	0	7.012641	63	0	-.6284655	
540282	296	0	7.307498	63	0	-.926052	
657557	309	0	7.413432	64	0	-.684527	
621325	312	0	7.148877	63	0	-.5024317	
657557	315	0	8.259007	64	0	-1.39878	
657557	316	0	6.920031	64	0	-.8230805	
548228	318	0	6.822472	63	0	-1.01601	
504423	323	0	7.145756	62	0	-1.424712	
414217	341	0	7.706273	63	0	1.861067	
383564	346	0	7.300241	62	0	-.2807746	
383564	348	0	7.219866	62	0	-.049355	
530660	353	0	7.320728	64	0	.1500129	
439876	356	0	7.462322	62	0	-.1252954	
459999	364	0	7.863589	63	0	.2613505	
188321	382	0	7.614753	62	1	-.5617343	
189528	385	0	6.269913	63	1	-2.215966	
430952	392	0	7.351501	62	0	.8927	
136819	396	0	6.637727	63	1	-1.064605	
453666	404	0	6.976763	63	0	-.3295318	
411691	411	0	6.530317	62	0	-.9030865	
496658	411	0	6.632084	64	0	.5028756	
411691	415	0	7.216029	62	0	-1.123908	
567082	419	0	6.687427	63	0	.1354502	
510018	434	0	7.27456	63	0	.0853124	
499015	444	0	6.73498	64	0	1.090753	
413645	447	0	6.987733	62	0	-.8642864	
499015	449	0	7.023444	64	0	-.5259899	
126518	470	0	6.78947	62	0	-1.503695	
551636	477	0	6.701761	63	0	-.843784	
551636	479	0	6.799636	63	0	.2613505	
493873	485	0	7.327626	63	0	-.2749391	
493873	487	0	6.063785	63	0	.0602277	
553418	490	0	7.476164	64	0	.7372268	
511511	510	0	7.26223	63	0	1.146815	
163211	516	1	6.803321	62	1	-1.353993	-.0254054
164258	516	1	6.351192	63	1	-1.36541	-1.789938
164258	520	0	6.943587	63	1	-.8840766	
579903	533	0	7.008456	63	0	-1.640305	
613719	535	0	7.137137	64	0	-.3869405	
579903	536	0	6.413859	63	0	-1.640305	
508726	539	0	6.765233	62	0	-1.075312	
508726	539	0	7.013016	62	0	-.9433792	
508726	561	0	6.857296	62	0	.3565595	
660927	569	0	6.774153	64	0	2.2327	
660927	571	0	6.877855	64	0	.5537998	
162453	594	0	6.990128	63	1	-.1689377	
161418	596	0	7.41302	62	1	.3303978	
551250	605	0	7.343251	63	0	.1354502	
583395	605	0	7.253369	64	0	.4271762	
551250	607	0	7.232254	63	0	-.6284655	
483589	613	0	7.36615	62	0	-.5317628	
480471	615	0	6.858132	63	0	-1.534472	
186567	623	0	6.800606	63	1	-.843784	
182028	628	0	6.155793	64	1	-1.528887	
451873	629	0	6.593568	63	0	-1.36541	
478223	637	0	6.483858	64	0	.3017527	
451873	638	0	7.115048	63	0	.0853124	
493167	651	0	7.457235	64	0	.7643695	
408798	663	0	7.126668	62	0	.5187775	
493167	666	0	6.91887	64	0	.8477567	
136961	671	0	7.546004	62	1	.6944242	
137839	671	0	6.799315	63	1	.1856512	
137839	673	0	6.565463	63	1	-2.215966	
182028	673	0	6.672412	64	1	-1.39878	
418768	684	0	6.195941	62	0	-.0745826	
477359	684	0	7.416816	63	0	.7231943	
418768	690	0	6.887167	62	0	.6339203	
418768	699	0	6.841939	62	0	-.623411	
422214	707	0	7.377208	62	0	-.4447716	
566045	713	1	6.54784	64	0	-.5634587	-.2280024
469208	715	1	7.289782	62	0	-.5617343	-1.027584
500090	724	0	7.246969	63	0	1.861067	
529252	728	0	6.984807	64	0	-.8746218	
500090	735	0	6.59127	63	0	-.8049838	
507868	741	0	6.315518	64	0	-.143944	
450367	750	0	7.39222	62	0	-.7905425	
513379	750	0	7.645386	63	0	-.6618119	
201772	758	1	7.441329	62	1	-.5317628	-1.121073
444126	767	0	6.671408	62	0	-1.075312	
602742	776	0	8.109329	62	0	.7255685	
727139	776	0	7.112627	64	0	1.058209	
506265	791	0	7.131236	63	0	.4688401	
545208	794	0	7.066416	63	0	.0351115	
545208	798	0	7.189003	63	0	-.4430034	
612327	817	0	7.423154	64	0	.7643695	
170386	832	0	6.271791	62	1	-.5317628	
565849	843	0	6.771902	63	0	-.5024317	
518459	863	0	7.077429	62	0	-.3073801	
621325	870	0	6.272611	63	0	-1.36541	
657556	870	0	7.15412	64	0	.5028756	
496397	872	0	6.939583	62	0	.7255685	
565849	872	0	6.937598	63	0	1.391933	
496397	881	0	6.999549	62	0	.202048	
511841	902	0	7.727823	62	0	.6638917	
468485	912	0	6.888501	63	0	1.190701	
410983	919	1	7.546081	62	0	1.17747	-.5091668
495804	919	1	6.869001	64	0	-1.123885	-1.04597
540299	929	0	6.53184	64	0	.5028756	
117090	933	0	7.119751	62	0	.1263486	
412125	935	0	7.288237	62	0	.6638917	
469786	935	0	6.670204	63	0	-.6284655	
388152	945	0	6.605289	62	0	.7255685	
442459	951	0	7.368855	63	0	-.1689377	
442459	955	0	6.637336	63	0	-.1950995	
405794	959	1	7.748581	62	0	1.045537	-.3991593
405794	973	0	7.021611	62	0	.3303978	
464581	976	0	6.904838	63	0	.8166839	
556368	997	0	6.859478	64	0	.5537998	
125547	1001	0	6.202253	62	1	-1.593775	
500995	1003	0	7.264723	64	0	.4271762	
556661	1010	0	7.728426	64	0	1.193528	
525988	1011	0	7.069624	63	0	-.5024317	
461429	1012	0	6.432953	62	0	-1.699607	
556661	1012	0	6.882737	64	0	1.267271	
500995	1021	0	7.89088	64	0	.3268374	
125547	1027	0	6.360748	62	1	-1.230473	
126352	1027	0	7.580158	63	1	-1.640305	
124689	1042	0	6.762858	62	0	-.4166201	
142134	1042	0	6.447162	63	0	-1.640305	
547964	1044	0	6.186534	64	0	-1.39878	
517771	1045	0	6.604497	63	0	.2360427	
467579	1052	1	8.259485	62	0	1.17747	.797192
532999	1052	0	7.450035	63	0	.3379263	
142529	1058	1	6.429319	63	1	-.5024317	-.5306297
582074	1089	0	6.458325	62	0	-1.699607	
587814	1091	0	6.652941	62	0	.1515125	
603260	1108	1	6.353887	62	0	.7573813	.0338019
563891	1133	0	7.081619	63	0	.3897004	
125547	1148	0	7.104	62	1	-1.829715	
166859	1148	0	6.175879	64	1	-.9296452	
126352	1151	0	6.126711	63	1	-1.36541	
492516	1169	0	7.017492	62	0	-.6552238	
634045	1176	1	6.994039	64	0	.1500129	.8170813
537429	1184	0	7.284019	62	0	.2529722	
537429	1187	0	7.014706	62	0	.6944242	
204688	1189	0	6.769739	64	1	-.7284129	
588263	1197	1	7.146944	64	0	.5794513	-.2591563
487625	1197	0	6.907971	62	0	.1012323	
487625	1204	0	7.232528	62	0	-1.829715	
144068	1210	0	6.615412	63	1	-1.640305	
143150	1213	0	6.517103	62	1	-1.289676	
143150	1216	0	6.08672	62	1	-1.699607	
190254	1216	0	7.266743	64	1	-1.123885	
144068	1221	0	6.62548	63	1	-1.534472	
493709	1228	0	6.916373	62	0	-.1764662	
398541	1234	0	7.632684	62	0	-1.230473	
104195	1243	1	6.782691	62	0	-.049355	-.6974508
398541	1248	0	6.588923	62	0	-.2282403	
420682	1256	0	6.809746	62	0	-.9433792	
528664	1257	0	6.211726	64	0	-.3869405	
452887	1272	0	6.647914	62	0	.4635419	
452887	1284	0	7.116257	62	0	-1.123908	
143482	1286	0	6.426785	62	1	-1.175449	
144402	1289	0	6.501261	63	1	-.843784	
143482	1290	0	7.01093	62	1	-1.289676	
190696	1292	0	6.265256	64	1	-.4202869	
144402	1293	0	7.0734	63	1	-.0915122	
480794	1300	0	7.10735	64	0	-.8230805	
143482	1313	1	6.299382	62	1	-1.699607	-.7732294
483416	1315	0	7.17865	64	0	.3268374	
400715	1318	0	7.006345	62	0	-1.593775	
400715	1329	0	6.633882	62	0	-1.503695	
483416	1329	0	6.374247	64	0	-.9888486	
454220	1345	0	7.236551	62	0	-.7211145	
517771	1349	0	6.680998	63	0	-.385469	
517771	1353	0	7.13381	63	0	-.0659928	
436018	1364	0	7.562384	63	0	.784871	
166859	1379	0	6.343948	64	1	-.3225834	
125547	1383	0	6.918186	62	1	-1.829715	
126352	1383	0	6.561466	63	1	-.969938	
463269	1396	1	6.960335	63	0	-.221472	-.6895924
529923	1408	0	7.550914	62	0	.1263486	
133709	1416	0	6.561838	64	0	-.6425515	
423939	1420	0	6.773918	62	0	-.0745826	
423939	1425	0	6.788993	62	0	.5187775	
168470	1432	0	6.926596	63	1	-.3573175	
755335	1456	0	6.754987	63	0	-.5329641	
650568	1466	0	7.167447	63	0	-1.770412	
612120	1476	0	7.3243	63	0	-.385469	
650911	1501	0	7.541993	63	0	1.665155	
688868	1503	0	6.490576	64	0	1.346364	
657555	1506	0	7.594326	64	0	1.756978	
520550	1514	0	7.051298	62	0	-.1508147	
508604	1541	0	6.759225	62	0	-.9433792	
486558	1554	0	6.711986	62	0	.4363992	
615921	1564	0	6.943357	63	0	.9882776	
426571	1575	0	7.098854	62	0	-.9030865	
494823	1579	0	7.145921	62	0	-.8642864	
451699	1585	0	7.684643	62	0	-.0998905	
514897	1590	0	6.845674	63	0	-.4430034	
451699	1594	0	6.900959	62	0	-.2807746	
416379	1597	0	6.78807	62	0	.3829321	
416379	1601	0	7.389053	62	0	-.1252954	
502313	1601	0	7.176779	64	0	.226245	
495776	1611	0	7.025762	64	0	.9647194	
495776	1612	0	6.462271	64	0	.3769752	
474705	1626	1	7.411783	63	0	1.861067	1.094921
502387	1626	1	6.331345	64	0	-.2609067	.6132317
474705	1628	0	6.981113	63	0	.663766	
425910	1631	0	6.324359	62	0	2.104828	
485500	1631	0	7.569352	63	0	2.436729	
425910	1634	0	6.796072	62	0	-.1764662	
425910	1634	1	6.963161	62	0	-.2282403	-.5027466
425910	1637	0	6.975557	62	0	.1263486	
565665	1656	1	7.527977	63	0	.1856512	-.2878218
520566	1667	0	7.202833	64	0	.2514726	
581054	1670	0	7.758071	63	0	1.665155	
581054	1671	0	7.068853	63	0	.1856512	
581054	1675	0	7.505433	63	0	.3122748	
517811	1681	0	7.577697	62	0	.1263486	
153447	1716	0	7.518664	62	1	.0260098	
586807	1731	0	7.064343	63	0	.3897004	
136961	1753	0	7.615175	62	1	-.5617343	
569548	1761	0	7.301516	63	0	-.2480775	
499642	1761	0	6.274348	62	0	-.8268176	
547964	1764	0	6.663801	64	0	-.4545149	
134012	1772	0	6.299272	63	0	-.969938	
461863	1780	0	6.584211	62	0	.7899256	
526483	1784	0	6.349294	63	0	.8492281	
516558	1788	0	7.130615	64	0	.5794513	
535893	1792	0	7.214497	63	0	.9520025	
517672	1801	0	6.250881	64	0	.9052911	
517672	1804	0	6.823944	64	0	.2514726	
478289	1813	0	7.057741	62	0	-.7211145	
131379	1827	0	6.827267	62	0	-.0998905	
506265	1854	0	7.100261	63	0	.9520025	
523261	1866	0	7.02759	62	0	1.131398	
596471	1868	0	6.391525	63	0	-.6618119	
556706	1872	0	6.474051	63	0	-1.01601	
585501	1884	0	6.547209	63	0	-.3573175	
465121	1887	0	6.298844	62	0	-.1508147	
530197	1887	0	6.497299	63	0	-1.29469	
465121	1894	0	6.940989	62	0	-.3342417	
435094	1911	0	7.40415	62	0	.4909919	
429324	1914	0	7.543993	62	0	.4363992	
489391	1918	1	6.962512	63	0	.0351115	-.5306297
517930	1920	0	6.485884	64	0	.3017527	
489391	1924	0	7.406674	63	0	-.2749391	
401626	1931	0	6.622606	62	0	-.3888344	
484516	1951	0	7.576932	64	0	-.0880068	
401626	1955	0	6.647094	62	0	1.045537	
484516	1971	1	7.116963	64	0	.2009371	.3393146
518075	1975	0	6.794917	64	0	.7643695	
429444	1977	0	6.83213	62	0	-.4447716	
518075	1977	0	7.25825	64	0	-.5259899	
489529	1988	0	6.738634	63	0	-.3020818	
429444	1991	0	6.280778	62	0	-1.075312	
489529	1991	0	7.064929	63	0	-.8840766	
429444	2000	0	6.067508	62	0	-2.275269	
518075	2004	0	7.313221	64	0	1.193528	
429444	2006	0	6.752281	62	0	.7255685	
429444	2007	0	6.987072	62	0	.8927	
165759	2015	0	6.258155	64	0	-1.528887	
634025	2018	0	6.974012	64	0	-.5634587	
679973	2022	0	6.664233	64	0	-.6022589	
489529	2031	0	6.372929	63	0	-2.215966	
518075	2031	0	6.741973	64	0	-.684527	
489529	2033	0	7.296396	63	0	.210815	
429444	2038	0	7.774378	62	0	1.52687	
429444	2040	0	6.769519	62	0	.6044635	
489529	2040	0	6.251637	63	0	.2867555	
518075	2044	0	6.936611	64	0	-.1157925	
475946	2051	1	6.376988	64	0	-1.123885	-.2443806
117575	2059	0	6.441478	63	0	-1.17117	
124431	2059	0	6.546043	64	0	-.0605568	
394522	2067	0	7.203731	62	0	-.1508147	
449721	2068	0	7.457235	63	0	1.586172	
475946	2085	1	6.887766	64	0	.4020599	.320658
394522	2086	0	6.790641	62	0	-.9030865	
475946	2086	1	6.654032	64	0	-.7744848	-2.20923
394522	2091	0	6.592977	62	0	-1.829715	
475946	2091	1	6.040546	64	0	-1.053165	-1.259598
411675	2108	1	6.659057	62	0	.1012323	-.075939
449721	2110	0	7.631804	63	0	1.146815	
475946	2110	0	7.413595	64	0	.8763069	
394522	2113	0	7.497771	62	0	1.801765	
511679	2115	0	7.056921	63	0	-.843784	
439875	2135	0	7.403564	62	0	-.9853546	
441788	2136	0	6.819098	62	0	.4095375	
532966	2141	0	6.777028	64	0	-.684527	
572273	2148	0	6.375447	63	0	.7537267	
501420	2151	0	6.626333	63	0	.784871	
145340	2160	0	6.002859	63	0	-1.770412	
150227	2169	0	6.355706	62	1	.6339203	
500149	2172	0	7.253591	63	0	-.385469	
428864	2184	0	7.644372	62	0	.0510787	
517375	2187	0	7.51911	64	0	-.7284129	
112122	2189	0	7.195644	62	0	.6044635	
464425	2192	1	6.807532	63	0	-1.17117	-1.575574
407421	2201	0	7.41932	62	0	.8575	
464425	2207	0	7.054596	63	0	.3379263	
139497	2208	0	6.969439	62	1	-.7553425	
140391	2208	0	7.075662	63	1	-.8840766	
185399	2211	0	6.547041	64	1	-1.292947	
491507	2218	0	7.219018	64	0	.3017527	
407421	2223	0	7.484495	62	0	-.2282403	
510410	2233	0	7.32265	64	0	-.0065525	
423091	2235	0	7.180191	62	0	.1012323	
423091	2237	0	7.264863	62	0	1.33263	
423091	2239	0	7.913483	62	0	2.104828	
472388	2256	0	7.137414	62	0	-.1764662	
168470	2258	0	6.175985	63	1	-2.215966	
526045	2261	0	6.39693	64	0	-1.528887	
167396	2262	0	6.460824	62	1	.0009251	
222479	2266	0	6.084695	64	1	-1.202867	
222479	2273	0	6.857655	64	1	-1.39878	
497060	2277	1	7.233255	63	0	1.33691	.5895348
526045	2290	0	7.645704	64	0	1.827697	
427161	2304	0	7.098952	63	0	-1.640305	
427161	2322	0	6.996713	63	0	-.5024317	
389721	2326	0	6.052089	62	0	.1767401	
389721	2330	0	7.270888	62	0	.1263486	
389721	2331	0	7.493929	62	0	2.377427	
374732	2343	0	7.085636	62	0	-1.075312	
427161	2345	0	6.071442	63	0	-.3573175	
132095	2352	0	6.099071	63	1	-2.215966	
132095	2353	0	6.797712	63	1	-1.064605	
131254	2359	0	6.675545	62	1	-2.00267	
374732	2365	0	7.152034	62	0	-.5617343	
141895	2372	0	6.87691	64	0	1.38834	
568402	2376	0	6.929527	64	0	.6837597	
537082	2377	0	7.003315	63	0	-.8049838	
568402	2377	0	6.992506	64	0	.2514726	
449894	2392	0	7.4466	62	0	-.1764662	
395438	2419	0	6.960434	62	0	-1.075312	
395438	2422	1	6.968733	62	0	.4635419	-.4291454
450765	2425	0	7.260035	63	0	-.3020818	
389031	2428	0	7.080027	62	0	1.52687	
389031	2431	0	7.166383	62	0	.7899256	
390445	2436	1	6.822885	62	0	.4635419	.29425
445073	2436	0	6.665137	63	0	.0853124	
425723	2463	0	7.26586	63	0	1.755235	
373470	2466	0	6.713879	62	0	-1.029241	
425723	2466	0	7.332942	63	0	.0853124	
373470	2468	0	8.304651	62	0	1.17747	
373470	2470	0	7.627282	62	0	.2786237	
373470	2474	0	7.127144	62	0	.4363992	
450548	2474	0	6.779588	64	0	-1.123885	
450548	2477	0	7.06668	64	0	.5794513	
373470	2478	0	6.640562	62	0	.3303978	
473968	2489	0	7.34937	62	0	.4095375	
540282	2493	0	6.912725	63	0	.3122748	
571788	2497	0	7.212476	64	0	.8196052	
503591	2502	0	7.593197	62	0	1.33263	
486120	2506	1	7.262229	62	0	.1263486	-.3017321
586448	2511	1	6.790426	64	0	-.684527	-.7677077
486120	2516	1	7.118877	62	0	.4095375	.1386141
554135	2516	1	6.937798	63	0	.4422347	.1827563
554135	2520	1	7.463861	63	0	1.285368	.7309699
395320	2526	0	6.390304	62	0	-.0241911	
476908	2526	0	6.812285	64	0	-1.053165	
391327	2537	0	6.688293	62	0	-.5617343	
472091	2546	0	6.480386	64	0	-.5634587	
166859	2547	1	7.130742	64	1	-.2014784	-1.00717
474989	2556	0	7.664143	64	0	1.432226	
393730	2562	0	6.659731	62	0	.8232719	
474989	2563	0	7.472291	64	0	.9052911	
476558	2570	0	7.069541	63	0	.9168025	
418065	2572	0	7.516688	62	0	.4635419	
397162	2576	0	6.338195	62	0	.928975	
397162	2579	0	6.608348	62	0	1.695932	
393657	2580	0	6.666584	62	0	-.1508147	
474902	2582	0	6.902968	64	0	-1.202867	
474902	2588	0	7.697165	64	0	1.692661	
102918	2593	0	7.554851	62	0	-1.699607	
393657	2594	1	6.98883	62	0	-.2022684	-.2474194
393657	2597	1	6.988421	62	0	-.3073801	-.7216664
474902	2597	0	6.477755	64	0	-1.053165	
474902	2602	0	7.103424	64	0	.4775677	
474902	2603	0	6.846908	64	0	.7103651	
415466	2611	1	6.933967	62	0	.5469291	-.7202514
123817	2616	0	6.228467	63	0	-1.770412	
448735	2630	0	7.65066	63	0	.5228444	
474902	2631	0	6.723053	64	0	-.0334141	
393657	2633	1	7.563671	62	0	2.377427	1.447588
406126	2642	0	6.939831	62	0	1.17747	
166859	2713	0	6.71253	64	1	-.7744848	
498721	2724	0	7.175561	63	0	.8492281	
527804	2725	0	7.033393	64	0	1.633458	
419280	2732	0	6.764754	62	0	-.1508147	
612327	2754	0	6.787892	64	0	.1243614	
507571	2755	0	7.2514	62	0	.2786237	
534394	2760	0	6.742223	64	0	-.0065525	
442972	2765	0	7.015611	62	0	-.2022684	
442972	2766	0	6.779094	62	0	.4635419	
534394	2766	0	6.709197	64	0	-1.053165	
143761	2770	0	7.284631	63	1	-1.01601	
500995	2780	0	6.457232	64	0	-1.528887	
415286	2783	0	6.556203	62	0	-.1252954	
500995	2785	0	6.896472	64	0	-1.974442	
473390	2787	0	6.913402	63	0	.7537267	
133917	2789	1	7.273555	62	1	-.9433792	-1.667068
133917	2792	0	6.555276	62	1	-1.593775	
415286	2801	0	7.327813	62	0	1.045537	
473390	2801	0	7.367084	63	0	.2360427	
145077	2805	0	7.054708	62	1	-1.075312	
134077	2807	1	6.774764	63	0	-.8049838	-1.443641
473390	2809	0	6.786874	63	0	-.767515	
500995	2813	1	6.691961	64	0	.020053	-.7137566
415286	2820	0	7.091565	62	0	-.8268176	
542425	2830	0	6.907755	63	0	.2360427	
572973	2832	0	7.496934	63	0	-.1950995	
572973	2837	0	6.904447	63	0	-.5329641	
550625	2845	1	6.144691	62	0	2.377427	1.911577
627664	2850	1	7.723453	63	0	1.861067	1.502156
461207	2854	0	6.89312	62	0	.5187775	
525735	2856	0	6.573698	63	0	.9520025	
525735	2859	0	7.052047	63	0	.8825745	
525735	2861	0	7.511744	63	0	2.436729	
428264	2864	0	7.113807	62	0	.0510787	
428264	2872	0	7.026915	62	0	2.377427	
484501	2879	0	7.00813	62	0	-.4733218	
552289	2882	0	7.806683	63	0	-.3020818	
828434	2887	1	7.933893	63	0	.0099476	-.2558097
803680	2894	1	6.97801	64	0	.3017527	.0338563
590014	2901	0	7.130014	62	0	1.391834	
590014	2905	0	7.61025	62	0	1.131398	
590014	2907	0	7.648454	62	0	1.087512	
660598	2918	0	7.53923	64	0	-.1157925	
396176	2923	1	7.208051	62	0	.1515125	.2985845
451605	2923	0	7.230196	63	0	.0853124	
398205	2937	1	7.54572	62	0	.4095375	-.3876579
480388	2941	0	7.210401	64	0	1.692661	
128940	2944	1	6.69223	62	1	.0260098	.4615718
387550	2945	0	7.543506	62	0	.3303978	
441772	2948	0	7.216377	63	0	.7537267	
387550	2953	0	7.128002	62	0	-.2282403	
467534	2954	0	7.633874	64	0	-1.974442	
387550	2955	0	7.478061	62	0	.1767401	
441772	2955	0	7.182737	63	0	.9168025	
467534	2955	0	7.356881	64	0	1.193528	
387550	2963	0	7.24772	62	0	.5187775	
391328	2972	1	7.468651	62	0	-.502306	-.1092898
446079	2974	0	6.934106	63	0	-.6960399	
391328	2975	0	6.396823	62	0	1.45615	
414217	2976	0	7.267464	63	0	.2867555	
363376	2977	0	7.403483	62	0	-.502306	
386087	2981	0	6.624193	62	0	-.049355	
484501	2982	0	8.284286	62	0	.9664438	
584495	2982	0	7.450706	64	0	1.229803	
584495	2988	0	7.307504	64	0	2.102592	
499896	3017	0	6.836458	64	0	.6837597	
579048	3024	0	7.355117	63	0	-.6284655	
118138	3054	0	6.852086	63	0	-.926052	
396410	3056	0	6.802007	62	0	1.605852	
215633	3069	0	6.587215	64	1	-1.292947	
215633	3072	0	6.071616	64	1	-.6022589	
657557	3079	0	6.389896	64	0	-.0334141	
657557	3085	0	7.549709	64	0	1.346364	
572317	3096	0	7.35845	62	0	-.4733218	
169823	3103	0	7.019721	63	0	-2.215966	
179726	3103	0	6.365433	64	0	-1.123885	
690434	3126	0	6.720448	64	0	.9347479	
462725	3139	0	7.575225	64	0	1.090753	
383564	3141	0	7.522298	62	0	1.277607	
462725	3142	0	7.425522	64	0	2.678254	
414217	3149	0	6.766551	63	0	-.3573175	
438371	3159	0	7.085661	64	0	-.0334141	
363376	3171	0	8.899924	62	0	2.377427	
485448	3202	0	6.946284	62	0	-.5317628	
467197	3210	0	7.103275	62	0	.0761476	
532564	3213	0	6.72394	63	0	.3379263	
532564	3213	0	6.861217	63	0	.6347818	
445961	3218	0	6.810293	62	0	.9664438	
445961	3228	1	7.107004	62	0	.4635419	-.1614235
538001	3228	1	7.190061	64	0	.7372268	1.185412
465994	3230	0	7.240596	63	0	-1.29469	
464543	3246	0	7.103538	62	0	-.3342417	
529538	3250	0	6.785795	63	0	.9882776	
534758	3256	0	6.734849	62	0	1.801765	
127982	3271	0	6.962539	63	0	-1.116147	
489529	3284	0	6.923678	63	0	-.0915122	
140318	3310	0	6.53531	62	1	-.8642864	
165773	3325	0	6.787427	63	1	-1.770412	
460133	3329	0	6.340754	62	0	.5469291	
555097	3329	0	7.096557	64	0	-.6425515	
161450	3334	1	6.5145	63	1	-.5959213	.923627
414217	3345	0	6.64798	63	0	-1.01601	
363376	3353	0	6.319731	62	0	-.3073801	
438371	3357	0	6.924278	64	0	.1500129	
414217	3361	0	7.636217	63	0	.4688401	
431509	3372	1	7.140718	62	0	-.0998905	-.2016004
491882	3378	0	7.522148	63	0	.9520025	
431509	3382	0	7.761418	62	0	.5754793	
491882	3384	0	7.153429	63	0	.7231943	
164374	3387	1	7.300404	63	1	1.861067	2.109461
166252	3395	0	7.027792	62	0	.3829321	
476931	3398	0	7.452829	62	0	-.1508147	
476931	3404	0	7.521529	62	0	1.17747	
575362	3404	0	7.529169	64	0	1.346364	
511678	3416	0	6.641046	63	0	-.3295318	
538282	3423	0	7.314116	64	0	.9647194	
483253	3428	0	7.717226	63	0	2.436729	
493168	3453	0	6.874699	64	0	-.4202869	
493168	3459	0	6.836806	64	0	-.6425515	
408798	3461	0	7.475686	62	0	-.1508147	
465994	3461	0	6.983564	63	0	.0351115	
493168	3464	0	7.258893	64	0	.9647194	
408798	3470	0	7.078494	62	0	-.7553425	
408798	3472	0	8.045866	62	0	-.3342417	
408798	3472	0	7.85042	62	0	-.9433792	
493168	3478	0	7.517381	64	0	-.2014784	
578797	3482	0	6.852634	64	0	-1.123885	
479779	3489	0	7.153599	62	0	-.049355	
507254	3492	0	7.318072	63	0	.210815	
493769	3505	0	7.397392	62	0	.5469291	
552288	3516	0	7.054215	63	0	-.6618119	
519711	3518	0	7.156931	63	0	-.221472	
144403	3539	0	6.647383	63	1	-1.116147	
143483	3541	0	6.619152	62	1	-1.503695	
433593	3553	0	7.115472	62	0	.6638917	
523080	3561	1	7.002118	64	0	-1.39878	-.3535051
487695	3567	0	7.007337	63	0	-.8840766	
127503	3570	0	6.868341	63	0	-1.01601	
543701	3582	0	7.5007	63	0	2.436729	
428062	3591	0	7.301742	62	0	.202048	
487953	3591	0	6.701849	63	0	.2613505	
516407	3594	0	7.051756	64	0	-.0065525	
428062	3602	0	6.890122	62	0	-.5922667	
438157	3610	0	6.618622	62	0	-.2807746	
410773	3615	0	6.762019	62	0	.7573813	
468245	3616	0	6.882324	63	0	1.285368	
410773	3623	0	7.261319	62	0	1.695932	
417209	3632	1	6.442373	62	0	-1.503695	1.892451
503315	3632	0	6.775618	64	0	-.9296452	
503315	3639	0	6.421744	64	0	-1.39878	
417209	3656	0	6.695287	62	0	-.2022684	
131587	3657	0	6.381001	64	0	-1.528887	
417209	3670	0	8.03511	62	0	2.377427	
503315	3673	0	7.027298	64	0	.3769752	
475582	3680	1	7.132039	63	0	1.104839	.4937507
657835	3693	0	7.420952	62	0	-.5317628	
140318	3695	0	6.573868	62	1	-.2022684	
514168	3723	0	6.502674	63	0	.2360427	
544150	3731	0	6.81608	64	0	.1755322	
514168	3732	0	6.658583	63	0	1.991175	
529068	3733	0	5.968595	64	0	-1.292947	
529068	3742	0	7.427628	64	0	-.3225834	
438557	3748	1	6.750118	62	0	.5187775	.3855757
499916	3748	1	6.878306	63	0	-.0659928	.9624349
461638	3757	1	7.506949	62	0	1.801765	1.357508
526227	3758	1	7.005037	63	0	-.0915122	-.555718
526227	3764	1	7.388471	63	0	.8166839	-.2663982
520566	3774	0	6.676836	64	0	1.38834	
438371	3780	0	7.441307	64	0	.3519063	
467596	3795	0	7.241015	64	0	.9347479	
462267	3804	0	7.023345	63	0	.784871	
462267	3810	0	7.179664	63	0	-.5329641	
489224	3815	0	7.518265	64	0	1.346364	
489224	3816	0	7.015092	64	0	1.229803	
136757	3827	0	7.113876	62	1	-1.353993	
456264	3830	0	6.547133	64	0	-.0605568	
456264	3833	0	7.093315	64	0	.1500129	
456264	3835	0	6.631039	64	0	.020053	
456264	3850	0	7.299655	64	0	-.0334141	
431124	3856	0	7.496	63	0	1.586172	
449032	3860	1	7.252987	63	0	1.33691	.7171753
449032	3863	1	7.711114	63	0	1.391933	.975015
507888	3865	0	6.606456	63	0	1.451136	
389331	3867	1	6.806725	62	0	1.045537	.4439994
389331	3871	1	6.659006	62	0	1.45615	.1789161
443803	3874	0	7.23808	63	0	.9882776	
389331	3879	1	6.123066	62	0	-.2282403	-.211843
443803	3884	0	6.943492	63	0	.4422347	
389331	3885	1	7.99687	62	0	2.377427	1.892451
469683	3885	1	7.122614	64	0	2.102592	1.997912
389331	3887	0	6.622006	62	0	2.377427	
443803	3888	1	6.945168	63	0	.5502945	-.0092698
431124	3890	0	7.595481	63	0	1.104839	
378208	3892	0	7.215509	62	0	1.391834	
431124	3895	0	7.515225	63	0	.5780801	
431124	3901	1	7.299584	63	0	2.436729	2.049065
378208	3903	0	6.951398	62	0	.4095375	
569783	3910	0	6.658239	63	0	.2867555	
431509	3920	1	6.807568	62	0	.0510787	.2704329
431509	3925	0	7.116751	62	0	1.391834	
520566	3925	0	7.272793	64	0	1.229803	
161450	3932	0	7.246216	63	1	-1.640305	
201086	3942	0	6.566176	64	1	-1.39878	
151300	3952	0	6.007243	62	1	-1.699607	
159300	3956	0	7.101286	62	1	.3303978	
536909	3961	0	7.040319	62	0	-.3342417	
536909	3963	0	6.599535	62	0	-.6877681	
536909	3964	0	7.578981	62	0	.3829321	
536988	3968	0	7.147182	62	0	1.17747	
536988	3971	0	7.741838	62	0	2.377427	
184136	3975	0	6.913379	62	1	-1.424712	
607517	3989	0	7.55464	63	0	-.5641084	
642944	3994	0	6.139726	64	0	.0725873	
538904	3999	0	7.082891	63	0	-.5641084	
549479	4009	0	6.44489	64	0	.5794513	
549479	4010	0	7.261278	64	0	.9952518	
455475	4013	0	6.77408	62	0	-1.175449	
549479	4013	0	7.050123	64	0	-.6022589	
186720	4020	1	6.804588	63	1	-.8049838	-1.494104
521654	4022	1	6.954606	63	0	-.6960399	-.402944
457627	4025	0	6.627409	62	0	-.623411	
521654	4028	0	7.455981	63	0	-.2749391	
552074	4030	0	6.984965	64	0	-1.974442	
516816	4033	0	7.153199	64	0	-.2609067	
129703	4042	0	7.578645	63	0	-.1429658	
113783	4046	0	6.274678	62	0	-1.699607	
496109	4052	0	7.348297	63	0	.5502945	
525039	4055	0	7.374447	64	0	1.578434	
496109	4058	0	7.438507	63	0	.8492281	
608898	4059	1	7.350738	63	0	1.755235	.9421472
521913	4061	1	7.606738	63	0	.4957018	.1087793
552347	4063	0	6.830934	64	0	1.432226	
119701	4067	0	6.584157	62	0	-1.289676	
190370	4069	0	6.632415	63	1	-.6284655	
189158	4071	1	6.857409	62	1	-1.175449	-1.480233
456636	4080	0	6.990875	64	0	-.8746218	
458204	4087	1	7.382068	62	0	.1012323	-.2619966
431476	4090	0	6.815124	63	0	-.3020818	
431476	4097	0	7.082722	63	0	-1.116147	
396541	4102	0	7.255747	62	0	.4095375	
452022	4106	0	7.144644	63	0	1.665155	
478381	4110	0	6.815461	64	0	-1.701843	
478381	4114	0	6.972201	64	0	.3017527	
389987	4129	1	6.796932	62	0	.2529722	-.6681177
470473	4129	0	6.535637	64	0	-1.974442	
125547	4134	0	6.820474	62	1	.0761476	
126352	4134	0	6.393817	63	1	-.5024317	
458349	4138	0	6.811699	63	0	-1.770412	
402092	4141	0	6.756141	62	0	-.0998905	
431476	4143	0	6.660632	63	0	.2613505	
496344	4155	0	6.872107	64	0	-1.123885	
411431	4156	0	7.265979	62	0	-1.424712	
468995	4157	0	6.897833	63	0	-.6618119	
476894	4161	0	6.727146	63	0	-.0405879	
456446	4172	0	7.121425	62	0	1.226066	
206537	4180	0	6.467407	63	1	-.3573175	
208405	4189	0	5.939398	64	0	-1.974442	
661596	4191	0	7.379475	63	0	1.236773	
700176	4193	0	7.4457	64	0	.5537998	
175489	4200	0	6.671909	63	1	-1.444392	
174371	4209	1	5.769346	62	1	-2.00267	-1.191724
174371	4213	0	7.308993	62	1	.8575	
600151	4216	0	6.76765	64	0	.3017527	
567082	4221	0	6.641608	63	0	-1.444392	
400998	4230	1	7.739144	62	0	.9664438	.4814682
458145	4237	0	6.775255	62	0	.202048	
410961	4241	0	7.058549	62	0	-.3073801	
410961	4244	1	7.122342	62	0	.0761476	-.2474194
410961	4246	1	7.254641	62	0	-.623411	-.2474194
125547	4270	0	7.525904	62	1	-1.123908	
443736	4284	0	7.316867	63	0	-.2480775	
443736	4288	0	7.119824	63	0	.9168025	
389272	4289	0	7.236731	62	0	1.695932	
386009	4298	0	7.778763	62	0	1.277607	
440016	4298	0	7.379689	63	0	.5780801	
414217	4302	0	6.704921	63	0	.0351115	
363376	4309	0	7.908479	62	0	.2786237	
147180	4312	0	6.417174	63	1	-1.230374	
194363	4312	0	6.210313	64	1	-.9296452	
166859	4315	0	6.139385	64	1	-.5259899	
125547	4323	0	7.35238	62	1	-1.123908	
159409	4326	0	6.188459	64	0	.9647194	
411826	4330	0	7.061081	62	0	-1.289676	
467138	4332	0	6.6453	62	0	-.1508147	
563548	4332	0	6.741316	64	0	-.3225834	
487051	4342	0	6.930089	62	0	-.3342417	
587571	4348	0	7.414435	64	0	.2766365	
587571	4349	0	6.630548	64	0	-1.701843	
444678	4382	1	6.481577	62	0	2.377427	2.064351
504146	4387	0	7.00101	62	0	2.377427	
529654	4390	0	6.961985	64	0	-.5634587	
166555	4397	1	7.061995	63	1	-1.230374	-1.211344
687918	4399	0	7.434275	64	0	.2009371	
539892	4405	0	6.821795	63	0	-.843784	
484501	4418	0	7.358412	62	0	.0761476	
552288	4421	0	6.397751	63	0	.9520025	
584494	4427	0	7.512259	64	0	-.0065525	
552288	4428	0	7.401083	63	0	1.391933	
723001	4430	0	7.094843	63	0	.6062317	
643641	4447	0	7.184855	64	0	1.346364	
583996	4459	0	6.656364	62	0	-1.075312	
407028	4466	1	7.490384	62	0	-.3342417	-.37364
491032	4466	0	6.943933	64	0	-1.202867	
407028	4468	1	7.028745	62	0	.1263486	.2426473
463006	4471	0	7.740983	63	0	1.33691	
413664	4477	0	7.249117	62	0	-.6552238	
134010	4486	0	6.747059	63	1	.1103813	
120862	4497	0	7.282282	63	0	-.01528	
106028	4500	0	6.529811	62	0	-.8268176	
127910	4500	0	7.059576	64	0	-.5634587	
106028	4502	0	6.22247	62	0	-2.275269	
119383	4506	0	6.630096	64	0	-1.39878	
452664	4509	0	7.252294	63	0	1.586172	
480505	4515	0	6.864907	64	0	.5794513	
480505	4517	0	7.324374	64	0	-.3869405	
398302	4519	0	7.68088	62	0	-.1764662	
455847	4539	0	7.114049	62	0	-.5922667	
551123	4548	0	7.483449	63	0	1.104839	
974046	4552	1	6.459712	64	0	.5537998	.582311
552125	4571	0	6.967899	63	0	-.1171637	
552125	4577	0	7.343735	63	0	-.221472	
152765	4580	0	6.814452	64	0	.8196052	
536179	4585	1	6.942835	64	0	1.267271	.6448554
424445	4609	0	6.994917	62	0	.7573813	
140598	4619	0	6.160465	64	0	-1.974442	
537783	4622	0	7.148443	64	0	-.8746218	
476541	4629	0	7.708589	62	0	.1767401	
543215	4629	0	7.536914	63	0	-.0915122	
476541	4633	0	6.700823	62	0	1.391834	
506021	4640	0	6.743071	64	0	-.4545149	
506021	4642	0	7.487575	64	0	.3268374	
551546	4648	0	6.756937	64	0	.8477567	
129396	4653	0	6.229872	64	0	.0464256	
494935	4668	0	6.89786	64	0	-.6022589	
429722	4686	0	7.43949	62	0	.6638917	
429722	4693	0	8.003584	62	0	-.1508147	
520950	4698	0	7.190133	64	0	.8763069	
492246	4701	0	7.70121	63	0	.9520025	
520950	4707	0	7.860961	64	0	.5537998	
166242	4709	0	7.551349	63	1	.1856512	
156934	4710	0	6.442605	62	1	-1.699607	
433707	4731	0	6.507915	62	0	-.7905425	
494388	4736	0	6.24415	63	0	-1.116147	
545889	4740	1	7.164702	64	0	-.1724942	-.5689989
517881	4746	0	6.084097	63	0	-1.116147	
519106	4752	0	7.102626	63	0	.2867555	
455391	4755	1	7.031422	62	0	-.049355	-.5153437
494388	4756	0	7.931058	63	0	2.436729	
494388	4760	0	6.393548	63	0	1.586172	
494388	4764	0	6.551821	63	0	.4158621	
515882	4769	0	6.889828	63	0	.0602277	
452563	4773	0	6.172776	62	0	-1.353993	
128507	4776	0	6.572632	62	0	-1.075312	
379175	4788	0	7.386323	62	0	.4635419	
432226	4793	0	7.342605	63	0	1.104839	
457431	4793	0	7.260504	64	0	.5028756	
457431	4813	0	6.950517	64	0	.2766365	
432226	4815	0	7.614597	63	0	1.665155	
371275	4828	0	7.529681	62	0	1.045537	
447901	4828	0	7.772084	64	0	1.578434	
447901	4828	0	6.851873	64	0	1.692661	
371275	4834	0	7.510087	62	0	.6944242	
371275	4840	0	6.527445	62	0	1.045537	
423221	4845	0	6.894209	63	0	.3897004	
447901	4848	0	6.357382	64	0	-1.053165	
371275	4854	0	6.980392	62	0	.4909919	
371275	4856	0	7.252875	62	0	.5469291	
423221	4859	0	6.7345	63	0	-.6960399	
423221	4859	0	6.109248	63	0	1.104839	
105890	4894	0	7.002619	62	0	.6638917	
488619	4895	0	7.300974	64	0	1.026396	
363376	4903	1	6.797268	62	0	-.9853546	-.637179
460289	4907	1	6.985415	64	0	-.2609067	-.0308745
414217	4912	0	7.188342	63	0	.9520025	
438371	4912	0	6.840219	64	0	.2009371	
120325	4923	1	6.117761	63	0	-1.01601	-.8345034
108293	4935	1	6.809484	63	0	-1.770412	-2.483805
108293	4940	1	6.482254	63	0	-1.116147	-.188275
114608	4942	1	6.73945	64	0	-.8230805	-.4636612
460097	4961	0	7.040235	62	0	.3829321	
460097	4963	0	7.41709	62	0	.2529722	
555055	4964	0	6.690553	64	0	.6312254	
546219	4982	0	6.594904	63	0	-.767515	
500653	4984	0	6.526967	63	0	-1.534472	
539073	4997	0	6.783096	62	0	.6044635	
614496	5003	0	7.170006	63	0	.1103813	
614496	5006	0	7.425613	63	0	2.436729	
429505	5009	0	7.27559	62	0	2.377427	
518149	5012	0	6.448614	64	0	1.229803	
489599	5022	0	7.176054	63	0	.7231943	
429505	5027	0	6.710351	62	0	.2529722	
489599	5030	0	6.881898	63	0	.0602277	
489599	5039	0	7.0084	63	0	.2867555	
509346	5049	0	7.004197	64	0	.5537998	
512756	5058	0	6.43976	63	0	-.4430034	
419088	5067	0	7.65432	62	0	.1767401	
156934	5070	0	6.734825	62	1	-.7211145	
157940	5073	0	6.422082	63	1	-.843784	
156934	5076	0	6.519895	62	1	-.6877681	
530073	5082	0	6.331932	63	0	-1.640305	
503600	5092	0	7.404355	63	0	.5228444	
503600	5095	0	6.371889	63	0	.8825745	
493035	5106	0	6.862509	63	0	-.8049838	
432520	5109	0	7.217518	62	0	-.7211145	
524377	5129	0	6.562235	63	0	.8492281	
460015	5130	0	5.695856	62	0	-.9433792	
452097	5145	0	6.588271	62	0	-1.503695	
452097	5149	0	7.307814	62	0	.3829321	
421904	5161	0	7.109745	62	0	-.1252954	
508978	5166	0	7.716735	64	0	1.827697	
421904	5173	0	7.322937	62	0	.5469291	
591552	5184	0	6.987443	64	0	-.4545149	
591552	5184	0	6.750124	64	0	1.193528	
591552	5191	0	7.105772	64	0	.5282805	
128165	5197	0	7.602527	63	0	.3379263	
498149	5205	1	6.601665	64	0	.6837597	.9446282
498149	5211	0	6.675568	64	0	-.8230805	
363376	5215	0	6.640727	62	0	-1.123908	
363376	5230	1	6.377676	62	0	-.9853546	-.446887
438371	5235	0	7.02813	64	0	-.9888486	
414217	5237	0	7.021342	63	0	.3379263	
438371	5238	0	6.434569	64	0	-.684527	
399631	5248	0	7.000623	62	0	.0510787	
482109	5248	0	6.906121	64	0	1.026396	
378517	5251	0	6.792524	62	0	-.254402	
456636	5254	0	7.363338	64	0	.020053	
434880	5266	0	7.856529	63	0	-.01528	
478548	5269	0	6.86587	62	0	-1.075312	
126362	5277	0	6.812887	64	0	-.4202869	
400645	5288	0	6.979117	62	0	-1.075312	
400645	5296	0	6.795768	62	0	-1.029241	
483332	5300	0	7.442235	64	0	.0985592	
483332	5306	0	6.325703	64	0	-.3869405	
497547	5312	0	6.273252	64	0	-.6425515	
497547	5313	0	7.144028	64	0	.0985592	
412429	5315	0	7.249272	62	0	.8927	
412429	5318	0	6.266478	62	0	.928975	
426444	5335	0	6.96319	62	0	-.5317628	
486108	5340	0	7.400702	63	0	.5502945	
486108	5343	0	6.348878	63	0	-.0405879	
426444	5345	0	6.801095	62	0	.1263486	
426444	5347	0	7.045045	62	0	-.2022684	
514455	5347	0	7.695467	64	0	.7643695	
369865	5356	0	7.040697	62	0	.2529722	
446199	5356	0	6.673764	64	0	-.5259899	
110227	5358	0	7.429159	63	0	.6062317	
369865	5362	0	6.421661	62	0	-.7905425	
446199	5362	0	6.368337	64	0	-.7284129	
369865	5394	0	6.509806	62	0	.3303978	
446199	5394	0	6.422879	64	0	.3268374	
421613	5397	0	7.314898	63	0	.6347818	
369865	5399	0	6.173348	62	0	.1767401	
369865	5405	0	6.355604	62	0	.0761476	
421613	5407	0	7.355657	63	0	-.969938	
369865	5410	0	7.039142	62	0	.7573813	
110227	5416	0	7.393292	63	0	.1605349	
369865	5419	0	7.372125	62	0	1.17747	
369865	5437	0	7.502562	62	0	1.605852	
446199	5437	0	6.685203	64	0	1.432226	
115061	5444	0	6.183118	63	0	-.8840766	
386087	5446	0	6.117402	62	0	-1.593775	
465770	5448	1	7.12326	64	0	-1.292947	-.5689989
100939	5450	0	7.112378	62	0	-.4733218	
465770	5456	0	7.089753	64	0	-1.053165	
121771	5461	0	6.894007	64	0	-1.701843	
115061	5462	0	6.721014	63	0	-.8049838	
100939	5468	0	5.896401	62	0	-1.699607	
386087	5490	0	7.207561	62	0	-.1764662	
397443	5493	0	6.726038	62	0	-.0745826	
479469	5500	0	6.859368	64	0	.226245	
453050	5501	0	6.950329	63	0	-.6960399	
145779	5504	1	7.244152	63	0	.7231943	.2896639
485266	5511	0	6.763885	63	0	.1856512	
479469	5514	0	6.547544	64	0	.020053	
125547	5516	0	6.958835	62	1	-2.00267	
397443	5519	1	6.391746	62	0	-1.829715	-.4929589
103907	5520	0	6.745752	62	0	-1.175449	
413316	5534	1	6.73158	62	0	-.9853546	-1.701528
471145	5534	0	6.677257	63	0	-1.770412	
131399	5536	0	6.641685	63	1	-1.116147	
173523	5536	0	6.429992	64	1	.6837597	
471145	5540	0	7.103758	63	0	-.3573175	
476894	5552	0	6.779814	63	0	-.0915122	
131950	5556	0	6.705691	64	0	-1.053165	
454220	5558	0	6.823882	62	0	-2.275269	
602761	5569	0	6.357433	64	0	-.0334141	
383564	5579	0	7.192618	62	0	-.0745826	
437229	5579	0	6.858635	63	0	-.4430034	
437229	5585	0	6.92496	63	0	-.8049838	
473341	5598	0	6.80792	64	0	-.0334141	
470701	5606	0	6.796194	63	0	-.6284655	
180208	5611	0	6.215162	64	1	-1.053165	
136460	5612	0	6.240852	63	1	-2.215966	
498149	5620	0	6.772408	64	0	.020053	
498149	5620	0	6.759022	64	0	-.2609067	
412927	5625	0	6.980524	62	0	.2274529	
180208	5629	0	6.324778	64	1	-1.292947	
180208	5630	0	6.260732	64	1	-1.39878	
136460	5632	0	6.884875	63	1	-1.116147	
180208	5634	0	6.383454	64	1	-1.292947	
135591	5636	0	6.940676	62	1	-1.424712	
455638	5670	0	6.705231	63	0	.7537267	
574056	5677	0	7.400428	64	0	.2009371	
502648	5694	0	7.085721	63	0	-.0659928	
138473	5710	0	6.841997	64	0	.0464256	
163984	5893	0	6.936778	63	1	-.01528	
216555	5898	0	6.725523	64	1	-.3225834	
176138	5916	0	6.879236	63	1	-.926052	
232605	5918	0	6.985175	64	1	-1.39878	
175016	5920	0	6.745466	62	1	-2.275269	
177204	5928	0	6.374487	62	1	-.7211145	
221009	5931	0	6.921758	63	1	-1.29469	
276094	5937	0	7.159674	64	1	.0464256	
100651	5940	0	7.61387	63	1	-.3573175	
90277	5958	0	6.678695	62	1	-1.503695	
90277	5960	0	6.632558	62	1	-2.00267	
119982	5960	0	6.788704	64	1	-1.292947	
152565	5989	0	6.763278	64	1	.3769752	
177178	6000	0	6.585984	62	1	-1.829715	
198127	6005	0	6.248362	63	1	-.926052	
198127	6008	0	6.269754	63	1	.3122748	
191961	6013	0	6.938643	63	1	-.385469	
253501	6013	0	6.21182	64	1	-.9888486	
247980	6033	0	6.242207	64	1	-.684527	
108929	6040	0	6.334158	62	1	.3303978	
183566	6048	1	6.380922	62	1	-2.275269	-1.543548
243969	6048	0	6.449314	64	1	-1.528887	
243969	6052	0	6.314983	64	1	-.7744848	
176015	6061	0	6.411793	63	1	-.3573175	
222064	6067	0	7.220367	63	1	-1.444392	
222064	6070	0	7.052059	63	1	.1605349	
222064	6073	0	6.677169	63	1	-.8049838	
293254	6076	0	6.22897	64	1	-1.974442	
82685	6084	0	6.534229	63	1	-2.215966	
109192	6087	0	6.34614	64	1	-1.123885	
82685	6089	0	6.383355	63	1	-2.215966	
82685	6090	0	6.907755	63	1	-2.215966	
164038	6092	0	6.625521	62	1	-.9433792	
165090	6092	0	6.675703	63	1	-.01528	
218016	6095	0	7.026427	64	1	-.9888486	
154389	6096	0	6.242207	62	1	-2.00267	
173688	6111	0	6.772328	62	1	-2.275269	
174801	6111	0	5.916543	63	1	-2.215966	
104262	6125	0	7.700138	63	1	-.1171637	
245233	6130	0	7.192055	64	1	-1.202867	
91641	6133	0	6.548195	62	1	-.7211145	
92228	6133	0	6.433354	63	1	-1.064605	
121796	6133	0	6.875381	64	1	-.684527	
121796	6139	0	6.636155	64	1	-.7744848	
183052	6145	0	6.66159	62	1	-2.275269	
153764	6156	0	6.380548	62	1	-.6552238	
171944	6162	0	6.995279	63	1	-1.17117	
170849	6165	0	6.993614	62	1	-.502306	
160327	6166	0	5.731226	62	1	-1.289676	
160327	6170	0	6.326784	62	1	-.1508147	
161355	6185	0	6.482296	63	1	-.3295318	
149109	6198	0	5.703783	62	1	-.7211145	
188995	6206	0	7.499535	63	1	-1.116147	
84486	6215	0	6.806807	62	1	-1.289676	
84486	6218	0	6.546691	62	1	-.623411	
171405	6220	0	6.46454	63	1	-1.943367	
307479	6240	0	7.013588	64	1	-1.202867	
307479	6247	0	6.514289	64	1	-.9296452	
307343	6250	0	6.684612	63	1	-1.17117	
305385	6252	1	6.806711	62	1	-.5617343	-.3779746
170689	6278	0	6.438491	63	1	-1.36541	
75146	6286	0	6.65856	62	1	-.4166201	
156465	6291	0	6.39693	63	1	-1.770412	
83402	6299	0	6.876505	62	1	.0009251	
83402	6309	0	5.839319	62	1	-1.699607	
83402	6313	0	6.857278	62	1	-.7553425	
159363	6339	0	6.536244	63	1	-1.29469	
210453	6339	0	6.184898	64	1	-1.974442	
182129	6346	0	6.997751	63	1	-.926052	
240517	6346	0	6.380579	64	1	-1.123885	
74972	6352	0	6.246932	63	1	-1.444392	
88769	6358	0	6.216125	64	1	-.9888486	
75565	6401	0	6.69329	63	1	-.5024317	
77608	6402	0	6.445956	63	1	.3122748	
82875	6411	0	6.880511	63	1	.9168025	
82875	6414	0	6.331581	63	1	-1.943367	
109443	6418	0	6.525711	64	1	-1.701843	
154668	6432	0	6.922612	63	1	-1.943367	
167620	6440	0	7.069315	62	1	-1.029241	
219002	6448	0	6.323106	64	1	-1.39878	
165837	6452	1	6.848505	63	1	-1.444392	-1.073402
219002	6461	0	6.662476	64	1	-.3869405	
70790	6467	0	7.168642	63	1	-.5024317	
81105	6475	0	6.236337	62	1	-1.829715	
81625	6475	0	6.275082	63	1	-.6618119	
107792	6475	0	6.288042	64	1	-1.974442	
107792	6482	0	6.101894	64	1	-.6425515	
81108	6492	0	6.081586	63	1	-1.640305	
81108	6503	1	6.79571	63	1	-.1950995	.1222958
248222	6506	0	6.521954	62	1	-.4166201	
65898	6513	0	7.022328	62	1	-1.353993	
65898	6516	0	6.706808	62	1	-.7553425	
67501	6575	0	6.331502	63	1	-.4430034	
93428	6593	0	6.344543	64	1	-.7744848	
70297	6594	0	6.619984	62	1	-.9853546	
70297	6597	0	7.876722	62	1	.9664438	
74685	6598	0	6.496907	63	1	-1.116147	
74209	6603	0	6.052089	62	1	-.8268176	
111892	6617	0	7.41659	64	1	.4271762	
260235	6650	0	6.811488	64	1	-.1157925	
68241	6670	0	6.952236	63	1	-1.29469	
67807	6677	0	6.679767	62	1	-1.424712	
165225	6698	0	6.719851	63	1	-.1689377	
123917	6720	0	6.864202	62	1	-1.699607	
141226	6728	0	6.634568	62	1	-.623411	
187697	6728	0	6.581316	64	1	-.1157925	
142132	6731	0	7.016974	63	1	-.4430034	
378815	6759	0	6.57315	64	1	-1.701843	
378815	6760	0	6.727546	64	1	-1.123885	
150197	6761	0	6.858778	62	1	-2.275269	
171015	6769	0	7.164758	62	1	-.8642864	
124880	6819	0	7.028936	64	1	-.8230805	
199518	6837	0	7.231481	62	1	-.502306	
235592	6839	0	6.275254	64	1	-.2309352	
178141	6844	0	7.231274	62	1	.4095375	
179283	6849	0	7.364092	63	1	.8825745	
181207	6859	0	6.705555	63	1	-.0915122	
180052	6859	0	6.688627	62	1	-.4166201	
180052	6863	0	6.726995	62	1	-.3342417	
180052	6865	0	6.836085	62	1	-.3073801	
181207	6868	0	7.336648	63	1	-1.064605	
105794	6881	1	7.028411	64	1	-.6425515	-.962957
259481	6897	0	7.312925	64	1	-.4202869	
196489	6897	0	6.466322	63	1	-1.17117	
268913	6902	0	6.610838	62	1	-.6552238	
270637	6903	0	7.34672	63	1	-2.215966	
270637	6909	0	6.501196	63	1	-.843784	
270637	6912	0	7.173804	63	1	-1.444392	
218269	6946	0	6.445751	64	1	-1.202867	
81891	6969	0	6.320647	63	1	-.6284655	
178141	6971	0	6.580492	62	1	-1.699607	
150567	6996	0	7.14427	63	1	.0351115	
150567	6998	0	6.872818	63	1	-.221472	
142513	7003	0	6.340308	62	1	-.254402	
189407	7003	0	7.055886	64	1	-.4545149	
66972	7008	0	6.610349	63	1	-.5024317	
115424	7069	0	6.774217	64	1	-.9296452	
87404	7078	0	6.329567	63	1	-1.01601	
115424	7078	0	6.109248	64	1	.2009371	
115424	7083	0	6.209622	64	1	-1.701843	
195324	7103	0	6.949724	64	1	-.143944	
142513	7114	0	6.39693	62	1	.7899256	
189407	7119	0	7.443377	64	1	1.633458	
143427	7125	0	7.32602	63	1	-.767515	
153671	7139	0	8.249818	63	1	-1.01601	
278328	7151	0	7.285092	63	1	-.926052	
364244	7165	0	7.299805	64	1	-.6022589	
112358	7170	0	6.580577	62	1	-1.075312	
237148	7185	0	7.520414	62	1	1.045537	
159083	7187	0	6.363709	62	1	-1.175449	
211430	7187	0	6.3769	64	1	-1.053165	
160103	7189	0	6.058223	63	1	-.926052	
92644	7225	0	6.435429	62	1	-.502306	
159573	7260	0	6.287879	64	1	-.7744848	
117959	7264	0	6.721374	63	1	-.6284655	
117207	7266	0	6.558156	62	1	-.8268176	
117959	7267	0	7.203964	63	1	-1.230374	
234664	7275	0	6.497304	63	1	-.7312399	
233169	7278	0	6.485926	62	1	-.8268176	
173528	7300	0	6.465995	63	1	-1.534472	
284111	7317	0	6.321297	64	1	.3268374	
215140	7319	0	6.959478	63	1	-1.534472	
175299	7325	0	6.353842	63	1	-1.943367	
178141	7368	1	7.636755	62	1	.7899256	.4054966
179283	7368	0	7.498689	63	1	1.755235	
236759	7371	0	7.629031	64	1	-.0880068	
178141	7377	0	6.296593	62	1	-2.275269	
236759	7381	0	6.67154	64	1	-1.053165	
186186	7386	0	6.649465	62	1	-.0745826	
247452	7399	0	6.977056	64	1	1.090753	
187380	7400	0	7.051064	63	1	.0099476	
161355	7403	1	6.531836	63	1	-2.215966	-2.5389
247958	7434	0	6.538126	62	1	-1.029241	
83946	7455	0	6.898885	63	1	-1.943367	
179450	7458	0	6.295593	62	1	-1.699607	
171727	7465	1	6.598319	63	1	-1.640305	-2.756404
226780	7469	1	7.157776	64	1	-1.39878	-.1063822
233885	7482	0	7.071321	62	1	-1.123908	
235384	7482	0	7.489851	63	1	-1.17117	
310845	7482	0	6.974644	64	1	-.3225834	
310845	7491	0	6.945519	64	1	-.0334141	
235384	7493	0	6.668768	63	1	-.6618119	
164660	7505	0	6.6706	62	1	-1.289676	
161355	7517	0	6.491857	63	1	-1.36541	
160327	7521	0	6.720022	62	1	-.6877681	
161355	7521	0	6.399199	63	1	-.6960399	
160327	7526	0	6.521599	62	1	-1.593775	
192986	7547	0	6.917362	62	1	-2.275269	
192986	7548	0	6.841098	62	1	-2.275269	
192986	7552	0	7.517265	62	1	2.104828	
220975	7566	0	6.50129	64	1	-.2609067	
166265	7582	0	6.565857	62	1	-1.353993	
189407	7613	0	6.315969	64	1	.1755322	
212724	7625	0	6.032149	64	1	-1.39878	
62624	7633	1	6.711829	62	1	-.5317628	-1.311793
147994	7637	0	7.575943	62	1	-.2807746	
198723	7661	0	6.612817	64	1	-.0605568	
198723	7664	0	7.299203	64	1	-.4897149	
198723	7668	1	6.044677	64	1	-.6425515	-1.176459
198723	7675	0	6.591675	64	1	-1.053165	
150480	7676	0	6.292741	63	1	.7231943	
149522	7680	0	6.277553	62	1	-1.424712	
274854	7688	0	7.265959	64	1	-.1157925	
189407	7694	0	6.534182	64	1	-1.701843	
142513	7697	0	6.976449	62	1	-.2807746	
143427	7697	0	7.176108	63	1	-.3573175	
78805	7699	0	6.556399	62	1	-1.230473	
111918	7709	0	6.515646	64	1	-.9296452	
84748	7712	0	6.294586	63	1	-1.01601	
111918	7712	0	6.262555	64	1	-1.292947	
307757	7800	0	7.249629	64	1	-.2609067	
231561	7801	0	6.382685	62	1	-2.275269	
147469	7810	0	6.340611	62	1	-.7553425	
159363	7839	0	6.05774	63	1	-2.215966	
168244	7847	0	6.568927	62	1	-1.699607	
110900	7856	0	6.890827	64	1	-.3543963	
110900	7858	0	6.795607	64	1	-1.292947	
110900	7858	0	6.817276	64	1	-.9296452	
78924	7937	0	6.040546	62	1	-1.699607	
99994	8038	0	7.356479	64	1	1.026396	
273269	8040	0	7.320601	63	1	-.5641084	
271528	8043	0	7.704628	62	1	-.049355	
273269	8050	0	6.475403	63	1	-.8049838	
145591	8077	0	7.608457	64	1	-.2609067	
121104	8186	0	6.730036	63	1	-2.215966	
77111	8239	0	7.573236	62	1	-.0998905	
102485	8240	0	7.35033	64	1	-.684527	
77111	8240	0	7.30356	62	1	-.3342417	
77111	8244	0	7.615152	62	1	-1.029241	
74932	8253	0	6.451119	63	1	-1.770412	
98955	8253	0	6.745236	64	1	-.684527	
168424	8414	0	6.567639	62	1	-.9030865	
78711	8420	0	6.76917	63	1	-.5959213	
103945	8422	0	6.446623	64	1	-.684527	
169504	8433	0	6.782904	63	1	-1.29469	
200574	8440	0	6.160344	62	1	-1.175449	
208348	8475	0	6.341036	64	1	-.7744848	
208348	8479	0	7.020017	64	1	-1.292947	
157769	8502	0	6.595434	63	1	-1.534472	
81742	8535	1	6.385175	63	1	-.6284655	-1.967572
89453	8551	0	6.571373	64	1	-.2309352	
239279	8559	0	6.740593	64	1	-.2609067	
228403	8568	0	6.742471	64	1	-1.974442	
73155	8573	0	6.836204	62	1	-2.00267	
97227	8573	0	6.20102	64	1	-.9888486	
72006	8579	0	6.99994	63	1	-1.01601	
71547	8586	1	7.133508	62	1	-.3888344	-1.274388
131483	8596	0	6.563164	64	1	-.4545149	
230175	8599	1	6.613647	64	1	-.9888486	-.8921514
88764	8604	1	7.222086	63	1	-.6618119	.2056831
157086	8616	0	7.142225	63	1	-.5641084	
157086	8617	0	7.171234	63	1	-1.064605	
157086	8623	0	7.099268	63	1	-.221472	
207446	8627	1	6.504599	64	1	-1.39878	-2.145554
157086	8627	0	6.524522	63	1	-2.215966	
90468	8630	0	6.398611	64	1	-1.39878	
68069	8632	0	7.378238	62	1	-.7553425	
123632	8652	0	7.051222	64	1	-.8230805	
93022	8652	0	6.417545	62	1	-1.699607	
93022	8660	0	6.817442	62	1	-1.075312	
93022	8665	0	6.790743	62	1	-1.075312	
93619	8669	0	7.684856	63	1	-1.640305	
93619	8670	0	7.29918	63	1	-.767515	
162320	8691	0	6.45814	62	1	-2.275269	
215731	8697	0	6.999192	64	1	-.2609067	
66642	8786	1	6.658943	63	1	-.843784	-1.452269
71083	8970	0	6.244336	62	1	-1.289676	
152565	8974	0	6.531013	64	1	-.9888486	
152565	8983	0	7.314757	64	1	.3017527	
72810	8984	0	6.391319	62	1	-.6552238	
73277	8986	0	6.266622	63	1	-1.534472	
92228	9015	0	6.832768	63	1	-.2749391	
84486	9030	0	7.047117	62	1	-.5617343	
84486	9034	0	7.448202	62	1	.3565595	
83402	9042	0	6.490319	62	1	-1.699607	
110846	9043	0	6.553219	64	1	-1.974442	
110846	9044	0	7.534968	64	1	-1.292947	
83937	9051	0	6.247145	63	1	-2.215966	
83937	9052	0	6.208167	63	1	-1.640305	
83402	9055	0	6.74876	62	1	.202048	
64726	9058	0	6.052423	62	1	-.9433792	
86024	9058	0	6.109248	64	1	.7643695	
88769	9061	0	6.191186	64	1	-1.123885	
83730	9072	0	6.578152	64	1	-1.202867	
83730	9076	0	6.318354	64	1	-1.39878	
63404	9079	0	6.832183	63	1	-1.116147	
70339	9089	0	6.46771	62	1	-2.00267	
93484	9093	0	6.358902	64	1	-1.39878	
70790	9094	1	7.263932	63	1	-1.29469	-1.424515
81105	9099	1	7.482772	62	1	.2786237	-.6614419
80592	9102	0	6.963109	62	1	-.623411	
65898	9110	0	6.969786	62	1	-1.175449	
66320	9110	0	6.339415	63	1	-1.534472	
87581	9112	0	6.811396	64	1	-.5259899	
87581	9114	0	6.262555	64	1	.1500129	
65898	9115	0	7.196324	62	1	-.7905425	
90604	9149	0	6.286897	64	1	-1.974442	
67071	9155	0	6.151385	62	1	.3565595	
100437	9166	1	6.181112	63	1	-1.17117	-1.357602
70481	9180	1	6.436007	62	1	-2.00267	-1.744476
98628	9197	0	6.190714	64	1	-1.123885	
84729	9215	0	6.627295	63	1	-.3020818	
84189	9237	0	8.36321	62	1	.0510787	
67807	9285	0	6.218396	62	1	-2.00267	
100397	9295	0	6.787624	63	1	-.3573175	
165225	9306	0	7.685618	63	1	-1.770412	
218194	9309	0	6.541535	64	1	-.6425515	
97838	9318	0	6.745466	62	1	-.3342417	
97838	9323	0	6.853313	62	1	-.1508147	
141226	9336	0	6.521842	62	1	-.502306	
116003	9361	0	7.058221	63	1	-1.640305	
147839	9414	0	6.252475	62	1	-.7211145	
108145	9437	0	6.448385	64	1	-.8746218	
81370	9441	0	6.545942	62	1	-.4733218	
87404	9513	0	7.433598	63	1	-.2480775	
79828	9568	0	6.344562	63	1	-.926052	
79828	9571	0	6.848455	63	1	.0853124	
79828	9573	0	6.572638	63	1	-1.116147	
91040	9605	0	6.598251	63	1	-.4724602	
96469	9636	0	6.955903	63	1	.663766	
82802	9677	0	7.299584	62	1	-.1764662	
104736	9678	0	6.244452	64	1	-1.053165	
78805	9679	0	7.115568	62	1	-.254402	
84748	9688	0	6.665438	63	1	-1.064605	
84748	9689	0	6.947318	63	1	.2613505	
122818	9760	0	7.02365	63	1	.0351115	
83443	9769	0	7.352399	62	1	-1.503695	
89608	9825	0	6.664945	64	1	-1.39878	
99994	9873	0	7.16952	64	1	.4523401	
91017	9879	0	6.367862	62	1	-.3888344	
120966	9879	0	6.433091	64	1	-.7284129	
103387	9928	0	8.021878	62	1	-.2807746	
159928	9949	0	6.263398	64	1	-1.39878	
120332	9950	0	6.212904	62	1	-1.075312	
121104	9950	0	6.530274	63	1	-1.230374	
73623	10082	0	6.763766	62	1	-1.593775	
117220	10114	0	6.933079	64	1	-.1157925	
88198	10115	0	6.795915	62	1	-1.123908	
81221	10126	0	6.602887	62	1	-1.829715	
107947	10133	1	6.531439	64	1	-1.39878	-1.132573
67306	10137	0	6.631954	62	1	-.5617343	
72006	10153	0	6.55108	63	1	-1.01601	
71547	10160	0	7.118007	62	1	.4635419	
71547	10167	0	6.95053	62	1	-.502306	
71547	10171	0	6.36293	62	1	.4635419	
97219	10172	1	6.680392	64	1	-1.292947	-1.503423
88764	10174	1	6.708372	63	1	-2.215966	-2.093345
68506	10178	0	7.22589	63	1	-1.943367	
70905	10186	0	6.513683	62	1	.6638917	
71360	10186	0	6.405685	63	1	-1.116147	
93619	10193	0	7.13251	63	1	-1.17117	
123632	10197	0	6.575516	64	1	-1.292947	
93022	10200	0	6.617778	62	1	-2.00267	
66218	10235	1	7.393091	62	1	.8575	.0434842
74972	10324	0	6.177395	63	1	-1.770412	
88769	10327	0	6.499384	64	1	-1.202867	
67220	10327	0	7.094759	63	1	-2.215966	
88769	10329	0	7.398893	64	1	-1.701843	
67220	10333	0	6.271718	63	1	-1.534472	
82875	10337	0	6.448044	63	1	-1.444392	
63404	10338	0	6.782009	63	1	-1.534472	
83730	10338	0	7.052575	64	1	.1755322	
124018	10362	0	7.298135	63	1	.3122748	
81370	10391	0	6.496907	62	1	-1.829715	
79741	10412	0	6.654411	64	1	-.9888486	
155775	10432	0	5.90139	64	1	-1.528887	
75821	10438	0	6.705331	63	1	-.843784	
82802	10454	0	7.497973	62	1	.0761476	
77843	10470	0	6.729921	62	1	-.3342417	
67855	10487	0	7.24044	63	1	-.5641084	
89608	10487	0	6.956923	64	1	-.9296452	
621025	11754	0	7.288825	64	0	-1.974442	
482208	11758	0	7.337042	64	0	.8763069	
482208	11759	0	7.478086	64	0	-.1157925	
541253	11774	0	7.285202	64	0	1.229803	
397983	11787	0	7.392616	62	0	-.502306	
417273	11790	0	6.572634	62	0	-.3073801	
503392	11790	1	7.382675	64	0	.5028756	.5179539
164258	11796	0	6.921398	63	1	1.515453	
216916	11798	0	8.377942	64	1	-.4202869	
478223	11806	0	6.790541	64	0	-.2014784	
499438	11808	0	6.989159	63	0	.663766	
462570	11820	0	7.334805	63	0	-.2749391	
532999	11823	0	6.735168	63	0	-.2749391	
189856	11825	0	6.901526	63	1	-2.215966	
188647	11830	0	6.577347	62	1	-1.829715	
195644	11836	0	7.484333	62	1	-1.699607	
195644	11840	0	6.997376	62	1	-.5617343	
154998	11848	0	6.848407	63	1	-1.17117	
468459	11875	0	6.847754	63	0	.3122748	
468459	11879	0	6.44024	63	0	-.221472	
614937	11888	1	6.621209	64	0	.4271762	.2884503
514782	11893	0	7.654947	62	0	1.695932	
488096	11897	0	6.585515	63	0	1.665155	
476131	11920	0	7.590321	63	0	.7231943	
103144	11924	0	7.020499	62	0	.9664438	
613040	11927	0	6.344858	63	0	-.843784	
111301	11939	0	6.497304	63	0	-.5024317	
571788	11941	1	6.511096	64	0	-.3225834	1.725313
448735	11942	1	6.75874	63	0	.0099476	-.1623983
146936	11950	0	6.186954	63	1	-1.534472	
488183	11955	0	7.471591	63	0	.0351115	
803680	11962	1	6.820431	64	0	1.158328	-.0961396
157940	11991	0	7.589761	63	1	.3379263	
545064	11994	0	6.672743	62	0	.0009251	
657557	11997	0	6.971809	64	0	-.8746218	
581402	12001	0	7.273518	62	0	1.605852	
165773	12007	0	6.688864	63	1	-.767515	
462408	12009	0	6.624995	63	0	.0351115	
459898	12013	0	7.377484	62	0	.0260098	
554814	12013	0	6.849607	64	0	.7643695	
432338	12019	0	7.039402	62	0	.2274529	
520566	12023	0	7.201179	64	0	.7643695	
532951	12031	0	6.921259	62	0	.3303978	
119383	12039	0	6.554432	64	0	-.4202869	
378517	12041	0	6.910796	62	0	-1.075312	
418360	12043	0	6.4757	62	0	-2.275269	
418360	12044	0	6.68107	62	0	-.3613844	
407028	12065	1	6.974386	62	0	-.1764662	-.2474194
518904	12069	0	7.079008	64	0	.6573871	
494935	12074	0	6.974766	64	0	.4020599	
504939	12075	1	7.947289	62	0	1.801765	1.207806
447901	12088	0	7.079178	64	0	.2766365	
110647	12090	0	6.937634	63	0	-.0405879	
555055	12092	0	6.415191	64	0	.2766365	
363376	12100	0	7.322017	62	0	.0761476	
460240	12104	0	6.78744	64	0	.6573871	
413377	12112	0	6.8033	62	0	-.8642864	
453050	12116	0	7.518989	63	0	.6932228	
180208	12129	0	6.444877	64	1	-.2609067	
498149	12137	0	6.343462	64	0	-.4545149	
74139	12156	1	7.331115	62	1	-.5922667	-1.031657
98534	12156	1	6.863382	64	1	-1.701843	-1.222531
248222	12162	0	7.573146	62	1	.6944242	
199518	12183	0	7.279625	62	1	.2529722	
265170	12183	0	7.121909	64	1	-1.974442	
199518	12185	0	6.588821	62	1	-1.593775	
172172	12200	0	6.486858	64	1	-.7744848	
181192	12226	0	6.808163	63	1	-1.230374	
130938	12256	0	7.464525	62	1	-.6552238	
73199	12259	0	7.982255	62	1	1.17747	
99089	12514	0	6.462294	62	1	-1.353993	
