sample_wgts	HHID_79	AvgHourlyWages_90to93	LogWage	yearborn	black	AFQT_Adj1
674417	7	852	6.747587	64	0	35
637257	9	1053.897	6.96025	63	0	51
741859	15	1162.377	7.058223	64	0	69
129483	40	2062.702	7.631772	62	0	54
564561	42	1302.418	7.171978	63	0	16
576974	66	3095.639	8.037749	64	0	18
576974	69	1641	7.403061	64	0	78
545183	70	2924.029	7.980718	63	0	99
544924	73	1538	7.338238	63	0	71
576700	74	1139.47	7.038319	64	0	31
544924	80	584.308	6.370428	63	0	70
576700	80	832.8892	6.724901	64	0	21
160046	85	569.6991	6.345109	63	1	3
477050	93	777.103	6.655573	64	0	18
437063	107	1302.382	7.17195	62	0	58
469582	120	2434.911	7.797666	62	0	97
469582	123	1281.302	7.155632	62	0	89
505963	134	1294.895	7.166184	64	0	29
478084	137	1121.178	7.022136	63	0	64
419404	145	626.8602	6.440723	62	0	52
505963	145	558	6.324359	64	0	84
478084	148	1287.619	7.16055	63	0	65
450765	155	1359.983	7.215228	63	0	35
395438	162	2096.536	7.648042	62	0	77
395438	165	1272.895	7.149049	62	0	57
514782	171	1564.062	7.355042	62	0	80
415287	173	1142.07	7.040597	62	0	56
482208	183	987.3235	6.894998	64	0	48
482208	186	1415.173	7.255007	64	0	42
455638	190	1454.52	7.282431	63	0	73
482208	193	1698.932	7.437755	64	0	53
535787	196	1988.087	7.594928	64	0	91
506265	198	1346.02	7.204907	63	0	63
562367	206	1186.744	7.078969	62	0	14
435094	210	1676.032	7.424184	62	0	53
435094	212	2295.568	7.738736	62	0	99
524891	212	1277.38	7.152566	64	0	54
209245	221	1043.387	6.950228	62	1	3
545354	230	857.4945	6.754015	64	0	29
545354	231	889.3478	6.790488	64	0	19
515304	235	1747.706	7.466059	63	0	62
577077	245	1572.612	7.360493	64	0	80
613523	253	596.8705	6.3917	64	0	22
516651	256	713.0587	6.569564	64	0	40
488183	260	1260.076	7.138927	63	0	70
428264	262	1105.332	7.007901	62	0	41
428264	270	1401.584	7.245358	62	0	72
448657	279	1480.927	7.300424	62	0	51
540282	295	1110.584	7.012641	63	0	23
540282	296	1491.441	7.307498	63	0	15
657557	309	1658.107	7.413432	64	0	15
621325	312	1272.676	7.148877	63	0	27
657557	315	3862.26	8.259007	64	0	4
657557	316	1012.351	6.920031	64	0	12
548228	318	918.252	6.822472	63	0	13
504423	323	1268.71	7.145756	62	0	7
414217	341	2222.243	7.706273	63	0	96
383564	346	1480.656	7.300241	62	0	37
383564	348	1366.307	7.219866	62	0	46
530660	353	1511.304	7.320728	64	0	42
439876	356	1741.187	7.462322	62	0	43
459999	364	2600.839	7.863589	63	0	56
188321	382	2027.894	7.614753	62	1	27
189528	385	528.4313	6.269913	63	1	1
430952	392	1558.533	7.351501	62	0	80
136819	396	763.3579	6.637727	63	1	12
453666	404	1071.445	6.976763	63	0	33
411691	411	685.6155	6.530317	62	0	17
496658	411	759.0627	6.632084	64	0	56
411691	415	1361.074	7.216029	62	0	12
567082	419	802.2551	6.687427	63	0	51
510018	434	1443.116	7.27456	63	0	49
499015	444	841.3262	6.73498	64	0	77
413645	447	1083.263	6.987733	62	0	18
499015	449	1122.647	7.023444	64	0	19
126518	470	888.4429	6.78947	62	0	6
551636	477	813.838	6.701761	63	0	17
551636	479	897.5211	6.799636	63	0	56
493873	485	1521.764	7.327626	63	0	35
493873	487	430	6.063785	63	0	48
553418	490	1765.455	7.476164	64	0	65
511511	510	1425.431	7.26223	63	0	85
163211	516	900.8339	6.803321	62	1	8
164258	516	573.1756	6.351192	63	1	7
164258	520	1036.481	6.943587	63	1	16
579903	533	1105.946	7.008456	63	0	4
613719	535	1257.822	7.137137	64	0	23
579903	536	610.2443	6.413859	63	0	4
508726	539	867.1685	6.765233	62	0	13
508726	539	1111	7.013016	62	0	16
508726	561	950.7922	6.857296	62	0	62
660927	569	874.9376	6.774153	64	0	97
660927	571	970.5424	6.877855	64	0	58
162453	594	1085.861	6.990128	63	1	39
161418	596	1657.424	7.41302	62	1	61
551250	605	1545.729	7.343251	63	0	51
583395	605	1412.857	7.253369	64	0	53
551250	607	1383.336	7.232254	63	0	23
483589	613	1581.533	7.36615	62	0	28
480471	615	951.5883	6.858132	63	0	5
186567	623	898.3915	6.800606	63	1	17
182028	628	471.4405	6.155793	64	1	3
451873	629	730.3821	6.593568	63	0	7
478223	637	654.4911	6.483858	64	0	48
451873	638	1230.343	7.115048	63	0	49
493167	651	1732.352	7.457235	64	0	66
408798	663	1244.723	7.126668	62	0	68
493167	666	1011.176	6.91887	64	0	69
136961	671	1893.163	7.546004	62	1	74
137839	671	897.2324	6.799315	63	1	53
137839	673	710.1406	6.565463	63	1	1
182028	673	790.2996	6.672412	64	1	4
418768	684	490.7533	6.195941	62	0	45
477359	684	1663.728	7.416816	63	0	73
418768	690	979.6222	6.887167	62	0	72
418768	699	936.303	6.841939	62	0	25
422214	707	1599.119	7.377208	62	0	31
566045	713	697.7354	6.54784	64	0	18
469208	715	1465.251	7.289782	62	0	27
500090	724	1403.843	7.246969	63	0	96
529252	728	1080.098	6.984807	64	0	11
500090	735	728.7061	6.59127	63	0	18
507868	741	553.0886	6.315518	64	0	31
450367	750	1623.305	7.39222	62	0	20
513379	750	2090.975	7.645386	63	0	22
201772	758	1705.014	7.441329	62	1	28
444126	767	789.5063	6.671408	62	0	13
602742	776	3325.346	8.109329	62	0	75
727139	776	1227.368	7.112627	64	0	76
506265	791	1250.421	7.131236	63	0	64
545208	794	1171.941	7.066416	63	0	47
545208	798	1324.782	7.189003	63	0	29
612327	817	1674.306	7.423154	64	0	66
170386	832	529.4244	6.271791	62	1	28
565849	843	872.9707	6.771902	63	0	27
518459	863	1184.918	7.077429	62	0	36
621325	870	529.8588	6.272611	63	0	7
657556	870	1279.367	7.15412	64	0	56
496397	872	1032.34	6.939583	62	0	75
565849	872	1030.293	6.937598	63	0	90
496397	881	1096.139	6.999549	62	0	56
511841	902	2270.654	7.727823	62	0	73
468485	912	980.9296	6.888501	63	0	86
410983	919	1893.307	7.546081	62	0	87
495804	919	961.987	6.869001	64	0	7
540299	929	686.6606	6.53184	64	0	56
117090	933	1236.143	7.119751	62	0	53
412125	935	1462.989	7.288237	62	0	73
469786	935	788.5567	6.670204	63	0	23
388152	945	738.993	6.605289	62	0	75
442459	951	1585.817	7.368855	63	0	39
442459	955	763.0594	6.637336	63	0	38
405794	959	2318.28	7.748581	62	0	84
405794	973	1120.591	7.021611	62	0	61
464581	976	997.0867	6.904838	63	0	76
556368	997	952.8696	6.859478	64	0	58
125547	1001	493.8604	6.202253	62	1	5
500995	1003	1428.989	7.264723	64	0	53
556661	1010	2272.023	7.728426	64	0	80
525988	1011	1175.706	7.069624	63	0	27
461429	1012	622.0079	6.432953	62	0	4
556661	1012	975.2922	6.882737	64	0	82
500995	1021	2672.795	7.89088	64	0	49
125547	1027	578.679	6.360748	62	1	10
126352	1027	1958.938	7.580158	63	1	4
124689	1042	865.1115	6.762858	62	0	32
142134	1042	630.9094	6.447162	63	0	4
547964	1044	486.1583	6.186534	64	0	4
517771	1045	738.4084	6.604497	63	0	55
467579	1052	3864.105	8.259485	62	0	87
532999	1052	1719.923	7.450035	63	0	59
142529	1058	619.752	6.429319	63	1	27
582074	1089	637.9915	6.458325	62	0	4
587814	1091	775.0605	6.652941	62	0	54
603260	1108	574.7225	6.353887	62	0	76
563891	1133	1189.893	7.081619	63	0	61
125547	1148	1216.825	7.104	62	1	3
166859	1148	481.0058	6.175879	64	1	10
126352	1151	457.9277	6.126711	63	1	7
492516	1169	1115.984	7.017492	62	0	24
634045	1176	1090.115	6.994039	64	0	42
537429	1184	1456.831	7.284019	62	0	58
537429	1187	1112.879	7.014706	62	0	74
204688	1189	871.0848	6.769739	64	1	14
588263	1197	1270.218	7.146944	64	0	59
487625	1197	1000.216	6.907971	62	0	52
487625	1204	1383.716	7.232528	62	0	3
144068	1210	746.512	6.615412	63	1	4
143150	1213	676.6154	6.517103	62	1	9
143150	1216	439.9761	6.08672	62	1	4
190254	1216	1431.879	7.266743	64	1	7
144068	1221	754.0659	6.62548	63	1	5
493709	1228	1008.655	6.916373	62	0	41
398541	1234	2064.584	7.632684	62	0	10
104195	1243	882.4402	6.782691	62	0	46
398541	1248	726.9979	6.588923	62	0	39
420682	1256	906.6401	6.809746	62	0	16
528664	1257	498.5611	6.211726	64	0	23
452887	1272	771.1744	6.647914	62	0	66
452887	1284	1231.831	7.116257	62	0	12
143482	1286	618.183	6.426785	62	1	11
144402	1289	665.9807	6.501261	63	1	17
143482	1290	1108.685	7.01093	62	1	9
190696	1292	525.9761	6.265256	64	1	22
144402	1293	1180.153	7.0734	63	1	42
480794	1300	1220.907	7.10735	64	0	12
143482	1313	544.2356	6.299382	62	1	4
483416	1315	1311.137	7.17865	64	0	49
400715	1318	1103.614	7.006345	62	0	5
400715	1329	760.4281	6.633882	62	0	6
483416	1329	586.5434	6.374247	64	0	9
454220	1345	1389.294	7.236551	62	0	22
517771	1349	797.1143	6.680998	63	0	31
517771	1353	1253.645	7.13381	63	0	43
436018	1364	1924.428	7.562384	63	0	75
166859	1379	569.0385	6.343948	64	1	25
125547	1383	1010.485	6.918186	62	1	3
126352	1383	707.3078	6.561466	63	1	14
463269	1396	1053.986	6.960335	63	0	37
529923	1408	1902.482	7.550914	62	0	53
133709	1416	707.5708	6.561838	64	0	16
423939	1420	874.7324	6.773918	62	0	45
423939	1425	888.019	6.788993	62	0	68
168470	1432	1019.019	6.926596	63	1	32
755335	1456	858.3287	6.754987	63	0	26
650568	1466	1296.53	7.167447	63	0	3
612120	1476	1516.712	7.3243	63	0	31
650911	1501	1885.584	7.541993	63	0	94
688868	1503	658.9029	6.490576	64	0	84
657555	1506	1986.891	7.594326	64	0	92
520550	1514	1154.356	7.051298	62	0	42
508604	1541	861.9744	6.759225	62	0	16
486558	1554	822.2021	6.711986	62	0	65
615921	1564	1036.243	6.943357	63	0	81
426571	1575	1210.578	7.098854	62	0	17
494823	1579	1268.919	7.145921	62	0	18
451699	1585	2174.693	7.684643	62	0	44
514897	1590	939.8065	6.845674	63	0	29
451699	1594	993.2269	6.900959	62	0	37
416379	1597	887.2	6.78807	62	0	63
416379	1601	1618.174	7.389053	62	0	43
502313	1601	1308.687	7.176779	64	0	45
495776	1611	1125.251	7.025762	64	0	73
495776	1612	640.5143	6.462271	64	0	51
474705	1626	1655.375	7.411783	63	0	96
502387	1626	561.9117	6.331345	64	0	27
474705	1628	1076.115	6.981113	63	0	71
425910	1631	558	6.324359	62	0	98
485500	1631	1937.885	7.569352	63	0	99
425910	1634	894.3278	6.796072	62	0	41
425910	1634	1056.969	6.963161	62	0	39
425910	1637	1070.153	6.975557	62	0	53
565665	1656	1859.342	7.527977	63	0	53
520566	1667	1343.231	7.202833	64	0	46
581054	1670	2340.386	7.758071	63	0	94
581054	1671	1174.8	7.068853	63	0	53
581054	1675	1817.892	7.505433	63	0	58
517811	1681	1954.124	7.577697	62	0	53
153447	1716	1842.104	7.518664	62	1	49
586807	1731	1169.514	7.064343	63	0	61
136961	1753	2028.749	7.615175	62	1	27
569548	1761	1482.546	7.301516	63	0	36
499642	1761	530.7803	6.274348	62	0	19
547964	1764	783.5237	6.663801	64	0	21
134012	1772	544.1756	6.299272	63	0	14
461863	1780	723.5802	6.584211	62	0	77
526483	1784	572.0887	6.349294	63	0	77
516558	1788	1249.645	7.130615	64	0	59
535893	1792	1358.99	7.214497	63	0	80
517672	1801	518.4692	6.250881	64	0	71
517672	1804	919.6044	6.823944	64	0	46
478289	1813	1161.818	7.057741	62	0	22
131379	1827	922.6656	6.827267	62	0	44
506265	1854	1212.283	7.100261	63	0	80
523261	1866	1127.31	7.02759	62	0	86
596471	1868	596.7659	6.391525	63	0	22
556706	1872	648.1035	6.474051	63	0	13
585501	1884	697.2954	6.547209	63	0	32
465121	1887	543.9429	6.298844	62	0	42
530197	1887	663.3475	6.497299	63	0	8
465121	1894	1033.792	6.940989	62	0	35
435094	1911	1642.789	7.40415	62	0	67
429324	1914	1889.359	7.543993	62	0	65
489391	1918	1056.283	6.962512	63	0	47
517930	1920	655.8182	6.485884	64	0	48
489391	1924	1646.94	7.406674	63	0	35
401626	1931	751.902	6.622606	62	0	33
484516	1951	1952.63	7.576932	64	0	33
401626	1955	770.542	6.647094	62	0	84
484516	1971	1232.701	7.116963	64	0	44
518075	1975	893.2947	6.794917	64	0	66
429444	1977	927.1638	6.83213	62	0	31
518075	1977	1419.769	7.25825	64	0	19
489529	1988	844.4067	6.738634	63	0	34
429444	1991	534.2043	6.280778	62	0	13
489529	1991	1170.198	7.064929	63	0	16
429444	2000	431.6036	6.067508	62	0	1
518075	2004	1500	7.313221	64	0	80
429444	2006	856.0092	6.752281	62	0	75
429444	2007	1082.548	6.987072	62	0	80
165759	2015	522.2547	6.258155	64	0	3
634025	2018	1068.501	6.974012	64	0	18
679973	2022	783.862	6.664233	64	0	17
489529	2031	585.7708	6.372929	63	0	1
518075	2031	847.2305	6.741973	64	0	15
489529	2033	1474.975	7.296396	63	0	54
429444	2038	2378.864	7.774378	62	0	93
429444	2040	870.8934	6.769519	62	0	71
489529	2040	518.8614	6.251637	63	0	57
518075	2044	1029.276	6.936611	64	0	32
475946	2051	588.1535	6.376988	64	0	7
117575	2059	627.3333	6.441478	63	0	10
124431	2059	696.4827	6.546043	64	0	34
394522	2067	1344.438	7.203731	62	0	42
449721	2068	1732.352	7.457235	63	0	93
475946	2085	980.2091	6.887766	64	0	52
394522	2086	889.4834	6.790641	62	0	17
475946	2086	775.9066	6.654032	64	0	13
394522	2091	729.9507	6.592977	62	0	3
475946	2091	420.1224	6.040546	64	0	8
411675	2108	779.815	6.659057	62	0	52
449721	2110	2062.767	7.631804	63	0	85
475946	2110	1658.378	7.413595	64	0	70
394522	2113	1804.016	7.497771	62	0	96
511679	2115	1160.865	7.056921	63	0	17
439875	2135	1641.826	7.403564	62	0	15
441788	2136	915.1586	6.819098	62	0	64
532966	2141	877.4565	6.777028	64	0	15
572273	2148	587.2479	6.375447	63	0	74
501420	2151	754.7095	6.626333	63	0	75
145340	2160	404.5838	6.002859	63	0	3
150227	2169	575.7689	6.355706	62	1	72
500149	2172	1413.17	7.253591	63	0	31
428864	2184	2088.855	7.644372	62	0	50
517375	2187	1842.926	7.51911	64	0	14
112122	2189	1333.609	7.195644	62	0	71
464425	2192	904.6355	6.807532	63	0	10
407421	2201	1667.898	7.41932	62	0	79
464425	2207	1158.17	7.054596	63	0	59
139497	2208	1063.625	6.969439	62	1	21
140391	2208	1182.826	7.075662	63	1	16
185399	2211	697.1781	6.547041	64	1	5
491507	2218	1365.147	7.219018	64	0	48
407421	2223	1780.224	7.484495	62	0	39
510410	2233	1514.212	7.32265	64	0	36
423091	2235	1313.159	7.180191	62	0	52
423091	2237	1429.189	7.264863	62	0	90
423091	2239	2733.896	7.913483	62	0	98
472388	2256	1258.171	7.137414	62	0	41
168470	2258	481.0566	6.175985	63	1	1
526045	2261	600	6.39693	64	0	3
167396	2262	639.5883	6.460824	62	1	48
222479	2266	439.0859	6.084695	64	1	6
222479	2273	951.1335	6.857655	64	1	4
497060	2277	1384.722	7.233255	63	0	89
526045	2290	2091.641	7.645704	64	0	93
427161	2304	1210.697	7.098952	63	0	4
427161	2322	1093.034	6.996713	63	0	27
389721	2326	425	6.052089	62	0	55
389721	2330	1437.826	7.270888	62	0	53
389721	2331	1797.099	7.493929	62	0	99
374732	2343	1194.683	7.085636	62	0	13
427161	2345	433.305	6.071442	63	0	32
132095	2352	445.4437	6.099071	63	1	1
132095	2353	895.7952	6.797712	63	1	12
131254	2359	792.7795	6.675545	62	1	2
374732	2365	1276.7	7.152034	62	0	27
141895	2372	969.6254	6.87691	64	0	85
568402	2376	1022.01	6.929527	64	0	63
537082	2377	1100.275	7.003315	63	0	18
568402	2377	1088.446	6.992506	64	0	46
449894	2392	1714.026	7.4466	62	0	41
395438	2419	1054.091	6.960434	62	0	13
395438	2422	1062.875	6.968733	62	0	66
450765	2425	1422.306	7.260035	63	0	34
389031	2428	1188	7.080027	62	0	93
389031	2431	1295.151	7.166383	62	0	77
390445	2436	918.6316	6.822885	62	0	66
445073	2436	784.571	6.665137	63	0	49
425723	2463	1430.615	7.26586	63	0	95
373470	2466	823.7596	6.713879	62	0	14
425723	2466	1529.875	7.332942	63	0	49
373470	2468	4042.633	8.304651	62	0	87
373470	2470	2053.461	7.627282	62	0	59
373470	2474	1245.316	7.127144	62	0	65
450548	2474	879.7063	6.779588	64	0	7
450548	2477	1172.25	7.06668	64	0	59
373470	2478	765.5247	6.640562	62	0	61
473968	2489	1555.215	7.34937	62	0	64
540282	2493	1004.982	6.912725	63	0	58
571788	2497	1356.246	7.212476	64	0	68
503591	2502	1984.649	7.593197	62	0	90
486120	2506	1425.43	7.262229	62	0	53
586448	2511	889.2922	6.790426	64	0	15
486120	2516	1235.062	7.118877	62	0	64
554135	2516	1030.498	6.937798	63	0	63
554135	2520	1743.868	7.463861	63	0	88
395320	2526	596.0375	6.390304	62	0	47
476908	2526	908.9453	6.812285	64	0	8
391327	2537	802.95	6.688293	62	0	27
472091	2546	652.2229	6.480386	64	0	18
166859	2547	1249.804	7.130742	64	1	29
474989	2556	2130.566	7.664143	64	0	86
393730	2562	780.3411	6.659731	62	0	78
474989	2563	1758.631	7.472291	64	0	71
476558	2570	1175.608	7.069541	63	0	79
418065	2572	1838.468	7.516688	62	0	66
397162	2576	565.7742	6.338195	62	0	81
397162	2579	741.2577	6.608348	62	0	95
393657	2580	785.707	6.666584	62	0	42
474902	2582	995.2247	6.902968	64	0	6
474902	2588	2202.097	7.697165	64	0	91
102918	2593	1909.985	7.554851	62	0	4
393657	2594	1084.452	6.98883	62	0	40
393657	2597	1084.008	6.988421	62	0	36
474902	2597	650.5086	6.477755	64	0	8
474902	2602	1216.124	7.103424	64	0	55
474902	2603	940.9671	6.846908	64	0	64
415466	2611	1026.559	6.933967	62	0	69
123817	2616	506.9775	6.228467	63	0	3
448735	2630	2102.031	7.65066	63	0	66
474902	2631	831.3515	6.723053	64	0	35
393657	2633	1926.907	7.563671	62	0	99
406126	2642	1032.595	6.939831	62	0	87
166859	2713	822.6489	6.71253	64	1	13
498721	2724	1307.094	7.175561	63	0	77
527804	2725	1133.871	7.033393	64	0	90
419280	2732	866.7527	6.764754	62	0	42
612327	2754	887.0421	6.787892	64	0	41
507571	2755	1410.078	7.2514	62	0	59
534394	2760	847.4424	6.742223	64	0	36
442972	2765	1113.886	7.015611	62	0	40
442972	2766	879.2719	6.779094	62	0	66
534394	2766	819.912	6.709197	64	0	8
143761	2770	1457.724	7.284631	63	1	13
500995	2780	637.2943	6.457232	64	0	3
415286	2783	703.5953	6.556203	62	0	43
500995	2785	988.7797	6.896472	64	0	1
473390	2787	1005.662	6.913402	63	0	74
133917	2789	1441.667	7.273555	62	1	16
133917	2792	702.9434	6.555276	62	1	5
415286	2801	1522.049	7.327813	62	0	84
473390	2801	1583.011	7.367084	63	0	55
145077	2805	1158.299	7.054708	62	1	13
134077	2807	875.4724	6.774764	63	0	18
473390	2809	886.1388	6.786874	63	0	19
500995	2813	805.9009	6.691961	64	0	37
415286	2820	1201.787	7.091565	62	0	19
542425	2830	1000	6.907755	63	0	55
572973	2832	1802.509	7.496934	63	0	38
572973	2837	996.6968	6.904447	63	0	26
550625	2845	466.2353	6.144691	62	0	99
627664	2850	2260.752	7.723453	63	0	96
461207	2854	985.4711	6.89312	62	0	68
525735	2856	716.0126	6.573698	63	0	80
525735	2859	1155.221	7.052047	63	0	78
525735	2861	1829.4	7.511744	63	0	99
428264	2864	1228.816	7.113807	62	0	50
428264	2872	1126.549	7.026915	62	0	99
484501	2879	1105.585	7.00813	62	0	30
552289	2882	2456.966	7.806683	63	0	34
828434	2887	2790.269	7.933893	63	0	46
803680	2894	1072.781	6.97801	64	0	48
590014	2901	1248.895	7.130014	62	0	91
590014	2905	2018.782	7.61025	62	0	86
590014	2907	2097.4	7.648454	62	0	85
660598	2918	1880.381	7.53923	64	0	32
396176	2923	1350.258	7.208051	62	0	54
451605	2923	1380.493	7.230196	63	0	49
398205	2937	1892.625	7.54572	62	0	64
480388	2941	1353.435	7.210401	64	0	91
128940	2944	806.1178	6.69223	62	1	49
387550	2945	1888.439	7.543506	62	0	61
441772	2948	1361.547	7.216377	63	0	74
387550	2953	1246.384	7.128002	62	0	39
467534	2954	2067.043	7.633874	64	0	1
387550	2955	1768.808	7.478061	62	0	55
441772	2955	1316.507	7.182737	63	0	79
467534	2955	1566.941	7.356881	64	0	80
387550	2963	1404.898	7.24772	62	0	68
391328	2972	1752.242	7.468651	62	0	29
446079	2974	1026.701	6.934106	63	0	21
391328	2975	599.936	6.396823	62	0	92
414217	2976	1432.912	7.267464	63	0	57
363376	2977	1641.693	7.403483	62	0	29
386087	2981	753.0965	6.624193	62	0	46
484501	2982	3961.133	8.284286	62	0	82
584495	2982	1721.078	7.450706	64	0	81
584495	2988	1491.45	7.307504	64	0	96
499896	3017	931.1847	6.836458	64	0	63
579048	3024	1564.18	7.355117	63	0	23
118138	3054	945.8516	6.852086	63	0	15
396410	3056	899.6506	6.802007	62	0	94
215633	3069	725.757	6.587215	64	1	5
215633	3072	433.3804	6.071616	64	1	17
657557	3079	595.7944	6.389896	64	0	35
657557	3085	1900.19	7.549709	64	0	84
572317	3096	1569.403	7.35845	62	0	30
169823	3103	1118.475	7.019721	63	0	1
179726	3103	581.3963	6.365433	64	0	7
690434	3126	829.189	6.720448	64	0	72
462725	3139	1949.299	7.575225	64	0	77
383564	3141	1848.812	7.522298	62	0	89
462725	3142	1678.275	7.425522	64	0	99
414217	3149	868.3119	6.766551	63	0	32
438371	3159	1194.713	7.085661	64	0	35
363376	3171	7331.416	8.899924	62	0	99
485448	3202	1039.281	6.946284	62	0	28
467197	3210	1215.943	7.103275	62	0	51
532564	3213	832.0896	6.72394	63	0	59
532564	3213	954.5278	6.861217	63	0	70
445961	3218	907.1368	6.810293	62	0	82
445961	3228	1220.485	7.107004	62	0	66
538001	3228	1326.184	7.190061	64	0	65
465994	3230	1394.926	7.240596	63	0	8
464543	3246	1216.263	7.103538	62	0	35
529538	3250	885.1832	6.785795	63	0	81
534758	3256	841.2166	6.734849	62	0	96
127982	3271	1056.312	6.962539	63	0	11
489529	3284	1016.05	6.923678	63	0	42
140318	3310	689.0474	6.53531	62	1	18
165773	3325	886.6291	6.787427	63	1	3
460133	3329	567.2234	6.340754	62	0	69
555097	3329	1207.801	7.096557	64	0	16
161450	3334	674.8561	6.5145	63	1	24
414217	3345	771.2246	6.64798	63	0	13
363376	3353	555.4235	6.319731	62	0	36
438371	3357	1016.66	6.924278	64	0	42
414217	3361	2071.891	7.636217	63	0	64
431509	3372	1262.335	7.140718	62	0	44
491882	3378	1848.534	7.522148	63	0	80
431509	3382	2348.231	7.761418	62	0	70
491882	3384	1278.482	7.153429	63	0	73
164374	3387	1480.898	7.300404	63	1	96
166252	3395	1127.539	7.027792	62	0	63
476931	3398	1724.736	7.452829	62	0	42
476931	3404	1847.389	7.521529	62	0	87
575362	3404	1861.557	7.529169	64	0	84
511678	3416	765.8953	6.641046	63	0	33
538282	3423	1501.343	7.314116	64	0	73
483253	3428	2246.717	7.717226	63	0	99
493168	3453	967.4843	6.874699	64	0	22
493168	3459	931.5089	6.836806	64	0	16
408798	3461	1764.612	7.475686	62	0	42
465994	3461	1078.756	6.983564	63	0	47
493168	3464	1420.682	7.258893	64	0	73
408798	3470	1186.181	7.078494	62	0	21
408798	3472	3120.866	8.045866	62	0	35
408798	3472	2566.813	7.85042	62	0	16
493168	3478	1839.743	7.517381	64	0	29
578797	3482	946.3702	6.852634	64	0	7
479779	3489	1278.699	7.153599	62	0	46
507254	3492	1507.295	7.318072	63	0	54
493769	3505	1631.724	7.397392	62	0	69
552288	3516	1157.728	7.054215	63	0	22
519711	3518	1282.968	7.156931	63	0	37
144403	3539	770.7645	6.647383	63	1	11
143483	3541	749.3091	6.619152	62	1	6
433593	3553	1230.865	7.115472	62	0	73
523080	3561	1098.958	7.002118	64	0	4
487695	3567	1104.709	7.007337	63	0	16
127503	3570	961.3521	6.868341	63	0	13
543701	3582	1809.308	7.5007	63	0	99
428062	3591	1482.881	7.301742	62	0	56
487953	3591	813.9089	6.701849	63	0	56
516407	3594	1154.885	7.051756	64	0	36
428062	3602	982.5212	6.890122	62	0	26
438157	3610	748.9127	6.618622	62	0	37
410773	3615	864.3853	6.762019	62	0	76
468245	3616	974.889	6.882324	63	0	88
410773	3623	1424.134	7.261319	62	0	95
417209	3632	627.8953	6.442373	62	0	6
503315	3632	876.2208	6.775618	64	0	10
503315	3639	615.0747	6.421744	64	0	4
417209	3656	808.5858	6.695287	62	0	40
131587	3657	590.5189	6.381001	64	0	3
417209	3670	3087.479	8.03511	62	0	99
503315	3673	1126.981	7.027298	64	0	51
475582	3680	1251.426	7.132039	63	0	84
657835	3693	1670.623	7.420952	62	0	28
140318	3695	716.1343	6.573868	62	1	40
514168	3723	666.9228	6.502674	63	0	55
544150	3731	912.4009	6.81608	64	0	43
514168	3732	779.4456	6.658583	63	0	97
529068	3733	390.9558	5.968595	64	0	5
529068	3742	1681.813	7.427628	64	0	25
438557	3748	854.1593	6.750118	62	0	68
499916	3748	970.9802	6.878306	63	0	43
461638	3757	1820.65	7.506949	62	0	96
526227	3758	1102.171	7.005037	63	0	42
526227	3764	1617.232	7.388471	63	0	76
520566	3774	793.8032	6.676836	64	0	85
438371	3780	1704.977	7.441307	64	0	50
467596	3795	1395.51	7.241015	64	0	72
462267	3804	1122.535	7.023345	63	0	75
462267	3810	1312.467	7.179664	63	0	26
489224	3815	1841.37	7.518265	64	0	84
489224	3816	1113.31	7.015092	64	0	81
136757	3827	1228.901	7.113876	62	1	8
456264	3830	697.2427	6.547133	64	0	34
456264	3833	1203.892	7.093315	64	0	42
456264	3835	758.2698	6.631039	64	0	37
456264	3850	1479.79	7.299655	64	0	35
431124	3856	1800.825	7.496	63	0	93
449032	3860	1412.318	7.252987	63	0	89
449032	3863	2233.029	7.711114	63	0	90
507888	3865	739.8566	6.606456	63	0	91
389331	3867	903.9052	6.806725	62	0	84
389331	3871	779.7753	6.659006	62	0	92
443803	3874	1391.419	7.23808	63	0	81
389331	3879	456.2616	6.123066	62	0	39
443803	3884	1036.383	6.943492	63	0	63
389331	3885	2971.641	7.99687	62	0	99
469683	3885	1239.687	7.122614	64	0	96
389331	3887	751.4508	6.622006	62	0	99
443803	3888	1038.121	6.945168	63	0	67
431124	3890	1989.187	7.595481	63	0	84
378208	3892	1360.367	7.215509	62	0	91
431124	3895	1835.781	7.515225	63	0	68
431124	3901	1479.685	7.299584	63	0	99
378208	3903	1044.609	6.951398	62	0	64
569783	3910	779.1776	6.658239	63	0	57
431509	3920	904.6681	6.807568	62	0	50
431509	3925	1232.44	7.116751	62	0	91
520566	3925	1440.568	7.272793	64	0	81
161450	3932	1402.787	7.246216	63	1	4
201086	3942	710.6474	6.566176	64	1	4
151300	3952	406.3614	6.007243	62	1	4
159300	3956	1213.527	7.101286	62	1	61
536909	3961	1141.752	7.040319	62	0	35
536909	3963	734.7537	6.599535	62	0	23
536909	3964	1956.634	7.578981	62	0	63
536988	3968	1270.521	7.147182	62	0	87
536988	3971	2302.702	7.741838	62	0	99
184136	3975	1005.639	6.913379	62	1	7
607517	3989	1909.582	7.55464	63	0	25
642944	3994	463.9264	6.139726	64	0	39
538904	3999	1191.408	7.082891	63	0	25
549479	4009	629.4777	6.44489	64	0	59
549479	4010	1424.075	7.261278	64	0	74
455475	4013	874.8738	6.77408	62	0	11
549479	4013	1153	7.050123	64	0	17
186720	4020	901.9763	6.804588	63	1	18
521654	4022	1047.965	6.954606	63	0	21
457627	4025	755.5225	6.627409	62	0	25
521654	4028	1730.181	7.455981	63	0	35
552074	4030	1080.269	6.984965	64	0	1
516816	4033	1278.188	7.153199	64	0	27
129703	4042	1955.976	7.578645	63	0	40
113783	4046	530.9551	6.274678	62	0	4
496109	4052	1553.548	7.348297	63	0	67
525039	4055	1594.71	7.374447	64	0	89
496109	4058	1700.21	7.438507	63	0	77
608898	4059	1557.345	7.350738	63	0	95
521913	4061	2011.706	7.606738	63	0	65
552347	4063	926.0549	6.830934	64	0	86
119701	4067	723.5407	6.584157	62	0	9
190370	4069	759.3136	6.632415	63	1	23
189158	4071	950.8994	6.857409	62	1	11
456636	4080	1086.672	6.990875	64	0	11
458204	4087	1606.909	7.382068	62	0	52
431476	4090	911.5298	6.815124	63	0	34
431476	4097	1191.206	7.082722	63	0	11
396541	4102	1416.221	7.255747	62	0	64
452022	4106	1267.3	7.144644	63	0	94
478381	4110	911.8364	6.815461	64	0	2
478381	4114	1066.568	6.972201	64	0	48
389987	4129	895.0966	6.796932	62	0	58
470473	4129	689.2729	6.535637	64	0	1
125547	4134	916.4188	6.820474	62	1	51
126352	4134	598.1356	6.393817	63	1	27
458349	4138	908.413	6.811699	63	0	3
402092	4141	859.3195	6.756141	62	0	44
431476	4143	781.0446	6.660632	63	0	56
496344	4155	964.9795	6.872107	64	0	7
411431	4156	1430.786	7.265979	62	0	7
468995	4157	990.1266	6.897833	63	0	22
476894	4161	834.7614	6.727146	63	0	44
456446	4172	1238.214	7.121425	62	0	88
206537	4180	643.8124	6.467407	63	1	32
208405	4189	379.7064	5.939398	64	0	1
661596	4191	1602.748	7.379475	63	0	87
700176	4193	1712.484	7.4457	64	0	58
175489	4200	789.9023	6.671909	63	1	6
174371	4209	320.3282	5.769346	62	1	2
174371	4213	1493.672	7.308993	62	1	79
600151	4216	869.2662	6.76765	64	0	48
567082	4221	766.3262	6.641608	63	0	6
400998	4230	2296.505	7.739144	62	0	82
458145	4237	875.9026	6.775255	62	0	56
410961	4241	1162.757	7.058549	62	0	36
410961	4244	1239.349	7.122342	62	0	51
410961	4246	1414.654	7.254641	62	0	25
125547	4270	1855.49	7.525904	62	1	12
443736	4284	1505.481	7.316867	63	0	36
443736	4288	1236.233	7.119824	63	0	79
389272	4289	1389.544	7.236731	62	0	95
386009	4298	2389.316	7.778763	62	0	89
440016	4298	1603.092	7.379689	63	0	68
414217	4302	816.4139	6.704921	63	0	47
363376	4309	2720.25	7.908479	62	0	59
147180	4312	612.2706	6.417174	63	1	9
194363	4312	497.8572	6.210313	64	1	10
166859	4315	463.7681	6.139385	64	1	19
125547	4323	1559.905	7.35238	62	1	12
159409	4326	487.0951	6.188459	64	0	73
411826	4330	1165.705	7.061081	62	0	9
467138	4332	769.1607	6.6453	62	0	42
563548	4332	846.674	6.741316	64	0	25
487051	4342	1022.585	6.930089	62	0	35
587571	4348	1659.771	7.414435	64	0	47
587571	4349	757.8972	6.630548	64	0	2
444678	4382	653	6.481577	62	0	99
504146	4387	1097.741	7.00101	62	0	99
529654	4390	1055.727	6.961985	64	0	18
166555	4397	1166.77	7.061995	63	1	9
687918	4399	1693.03	7.434275	64	0	44
539892	4405	917.6301	6.821795	63	0	17
484501	4418	1569.342	7.358412	62	0	51
552288	4421	600.4928	6.397751	63	0	80
584494	4427	1830.344	7.512259	64	0	36
552288	4428	1637.758	7.401083	63	0	90
723001	4430	1205.734	7.094843	63	0	69
643641	4447	1319.298	7.184855	64	0	84
583996	4459	777.7182	6.656364	62	0	13
407028	4466	1790.739	7.490384	62	0	35
491032	4466	1036.84	6.943933	64	0	6
407028	4468	1128.614	7.028745	62	0	53
463006	4471	2300.732	7.740983	63	0	89
413664	4477	1406.862	7.249117	62	0	24
134010	4486	851.551	6.747059	63	1	50
120862	4497	1454.303	7.282282	63	0	45
106028	4500	685.269	6.529811	62	0	19
127910	4500	1163.951	7.059576	64	0	18
106028	4502	503.9464	6.22247	62	0	1
119383	4506	757.5549	6.630096	64	0	4
452664	4509	1411.338	7.252294	63	0	93
480505	4515	958.057	6.864907	64	0	59
480505	4517	1516.824	7.324374	64	0	23
398302	4519	2166.525	7.68088	62	0	41
455847	4539	1229.115	7.114049	62	0	26
551123	4548	1778.363	7.483449	63	0	84
974046	4552	638.877	6.459712	64	0	58
552125	4571	1061.99	6.967899	63	0	41
552125	4577	1546.478	7.343735	63	0	37
152765	4580	910.9171	6.814452	64	0	68
536179	4585	1035.703	6.942835	64	0	82
424445	4609	1091.073	6.994917	62	0	76
140598	4619	473.6483	6.160465	64	0	1
537783	4622	1272.124	7.148443	64	0	11
476541	4629	2227.397	7.708589	62	0	55
543215	4629	1876.032	7.536914	63	0	42
476541	4633	813.0746	6.700823	62	0	91
506021	4640	848.1615	6.743071	64	0	21
506021	4642	1785.717	7.487575	64	0	49
551546	4648	860.0034	6.756937	64	0	69
129396	4653	507.6906	6.229872	64	0	38
494935	4668	990.1533	6.89786	64	0	17
429722	4686	1701.882	7.43949	62	0	73
429722	4693	2991.661	8.003584	62	0	42
520950	4698	1326.279	7.190133	64	0	70
492246	4701	2211.021	7.70121	63	0	80
520950	4707	2594.013	7.860961	64	0	58
166242	4709	1903.308	7.551349	63	1	53
156934	4710	628.0408	6.442605	62	1	4
433707	4731	670.4271	6.507915	62	0	20
494388	4736	514.9913	6.24415	63	0	11
545889	4740	1292.977	7.164702	64	0	30
517881	4746	438.8235	6.084097	63	0	11
519106	4752	1215.154	7.102626	63	0	57
455391	4755	1131.638	7.031422	62	0	46
494388	4756	2782.37	7.931058	63	0	99
494388	4760	597.9747	6.393548	63	0	93
494388	4764	700.5187	6.551821	63	0	62
515882	4769	982.2322	6.889828	63	0	48
452563	4773	479.5153	6.172776	62	0	8
128507	4776	715.2501	6.572632	62	0	13
379175	4788	1613.761	7.386323	62	0	66
432226	4793	1544.73	7.342605	63	0	84
457431	4793	1422.973	7.260504	64	0	56
457431	4813	1043.689	6.950517	64	0	47
432226	4815	2027.577	7.614597	63	0	94
371275	4828	1862.511	7.529681	62	0	84
447901	4828	2373.412	7.772084	64	0	89
447901	4828	945.6503	6.851873	64	0	91
371275	4834	1826.371	7.510087	62	0	74
371275	4840	683.6493	6.527445	62	0	84
423221	4845	986.5449	6.894209	63	0	61
447901	4848	576.7344	6.357382	64	0	8
371275	4854	1075.339	6.980392	62	0	67
371275	4856	1412.159	7.252875	62	0	69
423221	4859	840.9229	6.7345	63	0	21
423221	4859	450	6.109248	63	0	84
105890	4894	1099.509	7.002619	62	0	73
488619	4895	1481.743	7.300974	64	0	75
363376	4903	895.3977	6.797268	62	0	15
460289	4907	1080.755	6.985415	64	0	27
414217	4912	1323.906	7.188342	63	0	80
438371	4912	934.6934	6.840219	64	0	44
120325	4923	453.8472	6.117761	63	0	13
108293	4935	906.4023	6.809484	63	0	3
108293	4940	653.4417	6.482254	63	0	11
114608	4942	845.0955	6.73945	64	0	12
460097	4961	1141.656	7.040235	62	0	63
460097	4963	1664.184	7.41709	62	0	58
555055	4964	804.7674	6.690553	64	0	61
546219	4982	731.359	6.594904	63	0	19
500653	4984	683.3222	6.526967	63	0	5
539073	4997	882.798	6.783096	62	0	71
614496	5003	1299.853	7.170006	63	0	50
614496	5006	1678.428	7.425613	63	0	99
429505	5009	1444.603	7.27559	62	0	99
518149	5012	631.8258	6.448614	64	0	81
489599	5022	1307.737	7.176054	63	0	73
429505	5027	820.8589	6.710351	62	0	58
489599	5030	974.4744	6.881898	63	0	48
489599	5039	1105.884	7.0084	63	0	57
509346	5049	1101.245	7.004197	64	0	58
512756	5058	626.2562	6.43976	63	0	29
419088	5067	2109.74	7.65432	62	0	55
156934	5070	841.1959	6.734825	62	1	22
157940	5073	615.2829	6.422082	63	1	17
156934	5076	678.5071	6.519895	62	1	23
530073	5082	562.2415	6.331932	63	0	4
503600	5092	1643.124	7.404355	63	0	66
503600	5095	585.162	6.371889	63	0	78
493035	5106	955.762	6.862509	63	0	18
432520	5109	1363.102	7.217518	62	0	22
524377	5129	707.8518	6.562235	63	0	77
460015	5130	297.6315	5.695856	62	0	16
452097	5145	726.5233	6.588271	62	0	6
452097	5149	1491.912	7.307814	62	0	63
421904	5161	1223.835	7.109745	62	0	43
508978	5166	2245.616	7.716735	64	0	93
421904	5173	1514.645	7.322937	62	0	69
591552	5184	1082.949	6.987443	64	0	21
591552	5184	854.165	6.750124	64	0	80
591552	5191	1218.983	7.105772	64	0	57
128165	5197	2003.251	7.602527	63	0	59
498149	5205	736.3198	6.601665	64	0	63
498149	5211	792.7977	6.675568	64	0	12
363376	5215	765.6509	6.640727	62	0	12
363376	5230	588.5582	6.377676	62	0	15
438371	5235	1127.919	7.02813	64	0	9
414217	5237	1120.289	7.021342	63	0	59
438371	5238	623.0143	6.434569	64	0	15
399631	5248	1097.317	7.000623	62	0	50
482109	5248	998.3668	6.906121	64	0	75
378517	5251	891.1602	6.792524	62	0	38
456636	5254	1577.091	7.363338	64	0	37
434880	5266	2582.54	7.856529	63	0	45
478548	5269	958.98	6.86587	62	0	13
126362	5277	909.493	6.812887	64	0	22
400645	5288	1073.97	6.979117	62	0	13
400645	5296	894.056	6.795768	62	0	14
483332	5300	1706.56	7.442235	64	0	40
483332	5306	558.7506	6.325703	64	0	23
497547	5312	530.1986	6.273252	64	0	16
497547	5313	1266.52	7.144028	64	0	40
412429	5315	1407.08	7.249272	62	0	80
412429	5318	526.6194	6.266478	62	0	81
426444	5335	1057	6.96319	62	0	28
486108	5340	1637.134	7.400702	63	0	67
486108	5343	571.8508	6.348878	63	0	44
426444	5345	898.8314	6.801095	62	0	53
426444	5347	1147.16	7.045045	62	0	40
514455	5347	2198.36	7.695467	64	0	66
369865	5356	1142.183	7.040697	62	0	58
446199	5356	791.3688	6.673764	64	0	19
110227	5358	1684.39	7.429159	63	0	69
369865	5362	615.0237	6.421661	62	0	20
446199	5362	583.0875	6.368337	64	0	14
369865	5394	671.6957	6.509806	62	0	61
446199	5394	615.7733	6.422879	64	0	49
421613	5397	1502.519	7.314898	63	0	70
369865	5399	479.7897	6.173348	62	0	55
369865	5405	575.7097	6.355604	62	0	51
421613	5407	1565.025	7.355657	63	0	14
369865	5410	1140.408	7.039142	62	0	76
110227	5416	1625.047	7.393292	63	0	52
369865	5419	1591.011	7.372125	62	0	87
369865	5437	1812.68	7.502562	62	0	94
446199	5437	800.473	6.685203	64	0	86
115061	5444	484.5002	6.183118	63	0	16
386087	5446	453.6843	6.117402	62	0	5
465770	5448	1240.489	7.12326	64	0	5
100939	5450	1227.062	7.112378	62	0	30
465770	5456	1199.611	7.089753	64	0	8
121771	5461	986.3456	6.894007	64	0	2
115061	5462	829.6586	6.721014	63	0	18
100939	5468	363.7262	5.896401	62	0	4
386087	5490	1349.597	7.207561	62	0	41
397443	5493	833.837	6.726038	62	0	45
479469	5500	952.7651	6.859368	64	0	45
453050	5501	1043.493	6.950329	63	0	21
145779	5504	1399.894	7.244152	63	0	73
485266	5511	866	6.763885	63	0	53
479469	5514	697.5285	6.547544	64	0	37
125547	5516	1052.406	6.958835	62	1	2
397443	5519	596.8978	6.391746	62	0	3
103907	5520	850.4384	6.745752	62	0	11
413316	5534	838.4711	6.73158	62	0	15
471145	5534	794.1376	6.677257	63	0	3
131399	5536	766.3857	6.641685	63	1	11
173523	5536	620.169	6.429992	64	1	63
471145	5540	1216.53	7.103758	63	0	32
476894	5552	879.9052	6.779814	63	0	42
131950	5556	817.0422	6.705691	64	0	8
454220	5558	919.5473	6.823882	62	0	1
602761	5569	576.7641	6.357433	64	0	35
383564	5579	1329.579	7.192618	62	0	45
437229	5579	952.0665	6.858635	63	0	29
437229	5585	1017.354	6.92496	63	0	18
473341	5598	904.9864	6.80792	64	0	35
470701	5606	894.4363	6.796194	63	0	23
180208	5611	500.2769	6.215162	64	1	8
136460	5612	513.2955	6.240852	63	1	1
498149	5620	873.4124	6.772408	64	0	37
498149	5620	861.799	6.759022	64	0	27
412927	5625	1075.482	6.980524	62	0	57
180208	5629	558.2335	6.324778	64	1	5
180208	5630	523.6021	6.260732	64	1	4
136460	5632	977.3791	6.884875	63	1	11
180208	5634	591.9691	6.383454	64	1	5
135591	5636	1033.468	6.940676	62	1	7
455638	5670	816.6664	6.705231	63	0	74
574056	5677	1636.685	7.400428	64	0	44
502648	5694	1194.784	7.085721	63	0	43
138473	5710	936.3569	6.841997	64	0	38
163984	5893	1029.448	6.936778	63	1	45
216555	5898	833.4075	6.725523	64	1	25
176138	5916	971.8833	6.879236	63	1	15
232605	5918	1080.495	6.985175	64	1	4
175016	5920	850.1951	6.745466	62	1	1
177204	5928	586.6847	6.374487	62	1	22
221009	5931	1014.101	6.921758	63	1	8
276094	5937	1286.492	7.159674	64	1	38
100651	5940	2026.104	7.61387	63	1	32
90277	5958	795.2804	6.678695	62	1	6
90277	5960	759.4221	6.632558	62	1	2
119982	5960	887.7623	6.788704	64	1	5
152565	5989	865.4746	6.763278	64	1	51
177178	6000	724.8642	6.585984	62	1	3
198127	6005	517.165	6.248362	63	1	15
198127	6008	528.3472	6.269754	63	1	58
191961	6013	1031.37	6.938643	63	1	31
253501	6013	498.608	6.21182	64	1	9
247980	6033	513.9916	6.242207	64	1	15
108929	6040	563.4948	6.334158	62	1	61
183566	6048	590.472	6.380922	62	1	1
243969	6048	632.2681	6.449314	64	1	3
243969	6052	552.7927	6.314983	64	1	13
176015	6061	608.9846	6.411793	63	1	32
222064	6067	1366.991	7.220367	63	1	6
222064	6070	1155.235	7.052059	63	1	52
222064	6073	794.0677	6.677169	63	1	18
293254	6076	507.2325	6.22897	64	1	1
82685	6084	688.3029	6.534229	63	1	1
109192	6087	570.2874	6.34614	64	1	7
82685	6089	591.91	6.383355	63	1	1
82685	6090	1000	6.907755	63	1	1
164038	6092	754.097	6.625521	62	1	16
165090	6092	792.9042	6.675703	63	1	45
218016	6095	1126	7.026427	64	1	9
154389	6096	513.9916	6.242207	62	1	2
173688	6111	873.3425	6.772328	62	1	1
174801	6111	371.1268	5.916543	63	1	1
104262	6125	2208.653	7.700138	63	1	41
245233	6130	1328.831	7.192055	64	1	6
91641	6133	697.9835	6.548195	62	1	22
92228	6133	622.2578	6.433354	63	1	12
121796	6133	968.1445	6.875381	64	1	15
121796	6139	762.1589	6.636155	64	1	13
183052	6145	781.7926	6.66159	62	1	1
153764	6156	590.2514	6.380548	62	1	24
171944	6162	1091.468	6.995279	63	1	10
170849	6165	1089.652	6.993614	62	1	29
160327	6166	308.3472	5.731226	62	1	9
160327	6170	559.355	6.326784	62	1	42
161355	6185	653.47	6.482296	63	1	33
149109	6198	300	5.703783	62	1	22
188995	6206	1807.201	7.499535	63	1	11
84486	6215	903.9795	6.806807	62	1	9
84486	6218	696.9343	6.546691	62	1	25
171405	6220	641.9691	6.46454	63	1	2
307479	6240	1111.636	7.013588	64	1	6
307479	6247	674.7141	6.514289	64	1	10
307343	6250	800	6.684612	63	1	10
305385	6252	903.8926	6.806711	62	1	27
170689	6278	625.4624	6.438491	63	1	7
75146	6286	779.428	6.65856	62	1	32
156465	6291	600	6.39693	63	1	3
83402	6299	969.2334	6.876505	62	1	48
83402	6309	343.5452	5.839319	62	1	4
83402	6313	950.7755	6.857278	62	1	21
159363	6339	689.6912	6.536244	63	1	8
210453	6339	485.3633	6.184898	64	1	1
182129	6346	1094.169	6.997751	63	1	15
240517	6346	590.269	6.380579	64	1	7
74972	6352	516.4258	6.246932	63	1	6
88769	6358	500.7592	6.216125	64	1	9
75565	6401	806.9731	6.69329	63	1	27
77608	6402	630.149	6.445956	63	1	58
82875	6411	973.1232	6.880511	63	1	79
82875	6414	562.0443	6.331581	63	1	2
109443	6418	682.4645	6.525711	64	1	2
154668	6432	1014.968	6.922612	63	1	2
167620	6440	1175.343	7.069315	62	1	14
219002	6448	557.3011	6.323106	64	1	4
165837	6452	942.4712	6.848505	63	1	6
219002	6461	782.4862	6.662476	64	1	23
70790	6467	1298.08	7.168642	63	1	27
81105	6475	510.9835	6.236337	62	1	3
81625	6475	531.1697	6.275082	63	1	22
107792	6475	538.0984	6.288042	64	1	1
107792	6482	446.7032	6.101894	64	1	16
81108	6492	437.7227	6.081586	63	1	4
81108	6503	894.0033	6.79571	63	1	38
248222	6506	679.9055	6.521954	62	1	32
65898	6513	1121.395	7.022328	62	1	8
65898	6516	817.9557	6.706808	62	1	21
67501	6575	562	6.331502	63	1	29
93428	6593	569.3774	6.344543	64	1	13
70297	6594	749.933	6.619984	62	1	15
70297	6597	2635.221	7.876722	62	1	82
74685	6598	663.0873	6.496907	63	1	11
74209	6603	425	6.052089	62	1	19
111892	6617	1663.352	7.41659	64	1	53
260235	6650	908.2212	6.811488	64	1	32
68241	6670	1045.484	6.952236	63	1	8
67807	6677	796.1337	6.679767	62	1	7
165225	6698	828.6936	6.719851	63	1	39
123917	6720	957.3812	6.864202	62	1	4
141226	6728	760.9503	6.634568	62	1	25
187697	6728	721.488	6.581316	64	1	32
142132	6731	1115.406	7.016974	63	1	29
378815	6759	715.6205	6.57315	64	1	2
378815	6760	835.0957	6.727546	64	1	7
150197	6761	952.2021	6.858778	62	1	1
171015	6769	1293.049	7.164758	62	1	18
124880	6819	1128.829	7.028936	64	1	12
199518	6837	1382.269	7.231481	62	1	29
235592	6839	531.2611	6.275254	64	1	28
178141	6844	1381.982	7.231274	62	1	64
179283	6849	1578.281	7.364092	63	1	78
181207	6859	816.9318	6.705555	63	1	42
180052	6859	803.2189	6.688627	62	1	32
180052	6863	834.6359	6.726995	62	1	35
180052	6865	930.8378	6.836085	62	1	36
181207	6868	1535.557	7.336648	63	1	12
105794	6881	1128.237	7.028411	64	1	16
259481	6897	1499.557	7.312925	64	1	22
196489	6897	643.1143	6.466322	63	1	10
268913	6902	743.1058	6.610838	62	1	24
270637	6903	1551.1	7.34672	63	1	1
270637	6909	665.9375	6.501196	63	1	17
270637	6912	1304.799	7.173804	63	1	6
218269	6946	630.0195	6.445751	64	1	6
81891	6969	555.9324	6.320647	63	1	23
178141	6971	720.8936	6.580492	62	1	4
150567	6996	1266.826	7.14427	63	1	47
150567	6998	965.6656	6.872818	63	1	37
142513	7003	566.9708	6.340308	62	1	38
189407	7003	1159.665	7.055886	64	1	21
66972	7008	742.7424	6.610349	63	1	27
115424	7069	874.9941	6.774217	64	1	10
87404	7078	560.9136	6.329567	63	1	13
115424	7078	450	6.109248	64	1	44
115424	7083	497.5134	6.209622	64	1	2
195324	7103	1042.862	6.949724	64	1	31
142513	7114	600	6.39693	62	1	77
189407	7119	1708.51	7.443377	64	1	90
143427	7125	1519.323	7.32602	63	1	19
153671	7139	3826.927	8.249818	63	1	13
278328	7151	1458.395	7.285092	63	1	15
364244	7165	1480.011	7.299805	64	1	17
112358	7170	720.9551	6.580577	62	1	13
237148	7185	1845.332	7.520414	62	1	84
159083	7187	580.395	6.363709	62	1	11
211430	7187	588.1016	6.3769	64	1	8
160103	7189	427.6151	6.058223	63	1	15
92644	7225	623.5501	6.435429	62	1	29
159573	7260	538.011	6.287879	64	1	13
117959	7264	829.9569	6.721374	63	1	23
117207	7266	704.9706	6.558156	62	1	19
117959	7267	1344.75	7.203964	63	1	9
234664	7275	663.3512	6.497304	63	1	20
233169	7278	655.8458	6.485926	62	1	19
173528	7300	642.9039	6.465995	63	1	5
284111	7317	556.2943	6.321297	64	1	49
215140	7319	1053.084	6.959478	63	1	5
175299	7325	574.6965	6.353842	63	1	2
178141	7368	2073.005	7.636755	62	1	77
179283	7368	1805.674	7.498689	63	1	95
236759	7371	2057.056	7.629031	64	1	33
178141	7377	542.7196	6.296593	62	1	1
236759	7381	789.6104	6.67154	64	1	8
186186	7386	772.3708	6.649465	62	1	45
247452	7399	1071.758	6.977056	64	1	77
187380	7400	1154.085	7.051064	63	1	46
161355	7403	686.6578	6.531836	63	1	1
247958	7434	690.9908	6.538126	62	1	14
83946	7455	991.1691	6.898885	63	1	2
179450	7458	542.1772	6.295593	62	1	4
171727	7465	733.8604	6.598319	63	1	4
226780	7469	1284.052	7.157776	64	1	4
233885	7482	1177.703	7.071321	62	1	12
235384	7482	1789.785	7.489851	63	1	10
310845	7482	1069.176	6.974644	64	1	25
310845	7491	1038.486	6.945519	64	1	35
235384	7493	787.4247	6.668768	63	1	22
164660	7505	788.8688	6.6706	62	1	9
161355	7517	659.7471	6.491857	63	1	7
160327	7521	828.8354	6.720022	62	1	23
161355	7521	601.3635	6.399199	63	1	21
160327	7526	679.6641	6.521599	62	1	5
192986	7547	1009.653	6.917362	62	1	1
192986	7548	935.5159	6.841098	62	1	1
192986	7552	1839.53	7.517265	62	1	98
220975	7566	666	6.50129	64	1	27
166265	7582	710.4208	6.565857	62	1	8
189407	7613	553.3378	6.315969	64	1	43
212724	7625	416.6095	6.032149	64	1	4
62624	7633	822.0732	6.711829	62	1	28
147994	7637	1950.698	7.575943	62	1	37
198723	7661	744.5775	6.612817	64	1	34
198723	7664	1479.12	7.299203	64	1	20
198723	7668	421.8614	6.044677	64	1	16
198723	7675	729.0008	6.591675	64	1	8
150480	7676	540.633	6.292741	63	1	73
149522	7680	532.4839	6.277553	62	1	7
274854	7688	1430.757	7.265959	64	1	32
189407	7694	688.2703	6.534182	64	1	2
142513	7697	1071.108	6.976449	62	1	37
143427	7697	1307.809	7.176108	63	1	32
78805	7699	703.7328	6.556399	62	1	10
111918	7709	675.6307	6.515646	64	1	10
84748	7712	541.6313	6.294586	63	1	13
111918	7712	524.5576	6.262555	64	1	5
307757	7800	1407.583	7.249629	64	1	27
231561	7801	591.5137	6.382685	62	1	1
147469	7810	567.1425	6.340611	62	1	21
159363	7839	427.4083	6.05774	63	1	1
168244	7847	712.605	6.568927	62	1	4
110900	7856	983.2139	6.890827	64	1	24
110900	7858	893.9113	6.795607	64	1	5
110900	7858	913.4933	6.817276	64	1	10
78924	7937	420.1224	6.040546	62	1	4
99994	8038	1566.312	7.356479	64	1	75
273269	8040	1511.112	7.320601	63	1	25
271528	8043	2218.591	7.704628	62	1	46
273269	8050	648.9809	6.475403	63	1	18
145591	8077	2015.166	7.608457	64	1	27
121104	8186	837.1772	6.730036	63	1	1
77111	8239	1945.427	7.573236	62	1	44
102485	8240	1556.71	7.35033	64	1	15
77111	8240	1485.58	7.30356	62	1	35
77111	8244	2028.703	7.615152	62	1	14
74932	8253	633.4105	6.451119	63	1	3
98955	8253	850	6.745236	64	1	15
168424	8414	711.6876	6.567639	62	1	17
78711	8420	870.5888	6.76917	63	1	24
103945	8422	630.5695	6.446623	64	1	15
169504	8433	882.6281	6.782904	63	1	8
200574	8440	473.5911	6.160344	62	1	11
208348	8475	567.3839	6.341036	64	1	13
208348	8479	1118.806	7.020017	64	1	5
157769	8502	731.7463	6.595434	63	1	5
81742	8535	592.9884	6.385175	63	1	23
89453	8551	714.3495	6.571373	64	1	28
239279	8559	846.0624	6.740593	64	1	27
228403	8568	847.6527	6.742471	64	1	1
73155	8573	930.9483	6.836204	62	1	2
97227	8573	493.2521	6.20102	64	1	9
72006	8579	1096.567	6.99994	63	1	13
71547	8586	1253.266	7.133508	62	1	33
131483	8596	708.5096	6.563164	64	1	21
230175	8599	745.1962	6.613647	64	1	9
88764	8604	1369.343	7.222086	63	1	22
157086	8616	1264.239	7.142225	63	1	25
157086	8617	1301.45	7.171234	63	1	12
157086	8623	1211.08	7.099268	63	1	37
207446	8627	668.2076	6.504599	64	1	4
157086	8627	681.6538	6.524522	63	1	1
90468	8630	601.0095	6.398611	64	1	4
68069	8632	1600.766	7.378238	62	1	21
123632	8652	1154.268	7.051222	64	1	12
93022	8652	612.4978	6.417545	62	1	4
93022	8660	913.6447	6.817442	62	1	13
93022	8665	889.5745	6.790743	62	1	13
93619	8669	2175.158	7.684856	63	1	4
93619	8670	1479.087	7.29918	63	1	19
162320	8691	637.8735	6.45814	62	1	1
215731	8697	1095.748	6.999192	64	1	27
66642	8786	779.7261	6.658943	63	1	17
71083	8970	515.087	6.244336	62	1	9
152565	8974	686.0933	6.531013	64	1	9
152565	8983	1502.307	7.314757	64	1	48
72810	8984	596.6429	6.391319	62	1	24
73277	8986	526.6953	6.266622	63	1	5
92228	9015	927.7559	6.832768	63	1	35
84486	9030	1149.54	7.047117	62	1	27
84486	9034	1716.774	7.448202	62	1	62
83402	9042	658.7336	6.490319	62	1	4
110846	9043	701.4989	6.553219	64	1	1
110846	9044	1872.384	7.534968	64	1	5
83937	9051	516.5359	6.247145	63	1	1
83937	9052	496.7896	6.208167	63	1	4
83402	9055	853.0001	6.74876	62	1	56
64726	9058	425.142	6.052423	62	1	16
86024	9058	450	6.109248	64	1	66
88769	9061	488.425	6.191186	64	1	7
83730	9072	719.209	6.578152	64	1	6
83730	9076	554.6594	6.318354	64	1	4
63404	9079	927.2124	6.832183	63	1	11
70339	9089	644.0068	6.46771	62	1	2
93484	9093	577.6121	6.358902	64	1	4
70790	9094	1427.86	7.263932	63	1	8
81105	9099	1777.16	7.482772	62	1	59
80592	9102	1056.914	6.963109	62	1	25
65898	9110	1063.995	6.969786	62	1	11
66320	9110	566.4647	6.339415	63	1	5
87581	9112	908.1371	6.811396	64	1	19
87581	9114	524.5576	6.262555	64	1	42
65898	9115	1334.516	7.196324	62	1	20
90604	9149	537.483	6.286897	64	1	1
67071	9155	469.3672	6.151385	62	1	62
100437	9166	483.5295	6.181112	63	1	10
70481	9180	623.9102	6.436007	62	1	2
98628	9197	488.1945	6.190714	64	1	7
84729	9215	755.4364	6.627295	63	1	34
84189	9237	4286.432	8.36321	62	1	50
67807	9285	501.8973	6.218396	62	1	2
100397	9295	886.8039	6.787624	63	1	32
165225	9306	2176.815	7.685618	63	1	3
218194	9309	693.35	6.541535	64	1	16
97838	9318	850.1951	6.745466	62	1	35
97838	9323	947.0131	6.853313	62	1	42
141226	9336	679.8295	6.521842	62	1	29
116003	9361	1162.376	7.058221	63	1	4
147839	9414	519.2963	6.252475	62	1	22
108145	9437	631.681	6.448385	64	1	11
81370	9441	696.4125	6.545942	62	1	30
87404	9513	1691.884	7.433598	63	1	36
79828	9568	569.3877	6.344562	63	1	15
79828	9571	942.424	6.848455	63	1	49
79828	9573	715.2541	6.572638	63	1	11
91040	9605	733.8106	6.598251	63	1	28
96469	9636	1049.325	6.955903	63	1	71
82802	9677	1479.685	7.299584	62	1	41
104736	9678	515.147	6.244452	64	1	8
78805	9679	1230.983	7.115568	62	1	38
84748	9688	784.8073	6.665438	63	1	12
84748	9689	1040.356	6.947318	63	1	56
122818	9760	1122.878	7.02365	63	1	47
83443	9769	1559.934	7.352399	62	1	6
89608	9825	784.42	6.664945	64	1	4
99994	9873	1299.221	7.16952	64	1	54
91017	9879	582.8105	6.367862	62	1	33
120966	9879	622.0941	6.433091	64	1	14
103387	9928	3046.895	8.021878	62	1	37
159928	9949	525	6.263398	64	1	4
120332	9950	499.1486	6.212904	62	1	13
121104	9950	685.5861	6.530274	63	1	9
73623	10082	865.8973	6.763766	62	1	5
117220	10114	1025.647	6.933079	64	1	32
88198	10115	894.1869	6.795915	62	1	12
81221	10126	737.2208	6.602887	62	1	3
107947	10133	686.3851	6.531439	64	1	4
67306	10137	758.9639	6.631954	62	1	27
72006	10153	700	6.55108	63	1	13
71547	10160	1233.989	7.118007	62	1	66
71547	10167	1043.703	6.95053	62	1	29
71547	10171	579.9434	6.36293	62	1	66
97219	10172	796.6311	6.680392	64	1	5
88764	10174	819.2361	6.708372	63	1	1
68506	10178	1374.561	7.22589	63	1	2
70905	10186	674.3054	6.513683	62	1	73
71360	10186	605.2762	6.405685	63	1	11
93619	10193	1252.016	7.13251	63	1	10
123632	10197	717.3154	6.575516	64	1	5
93022	10200	748.2805	6.617778	62	1	2
66218	10235	1624.72	7.393091	62	1	79
74972	10324	481.7356	6.177395	63	1	3
88769	10327	664.7322	6.499384	64	1	6
67220	10327	1205.631	7.094759	63	1	1
88769	10329	1634.175	7.398893	64	1	2
67220	10333	529.386	6.271718	63	1	5
82875	10337	631.4661	6.448044	63	1	6
63404	10338	881.8383	6.782009	63	1	5
83730	10338	1155.831	7.052575	64	1	43
124018	10362	1477.542	7.298135	63	1	58
81370	10391	663.0873	6.496907	62	1	3
79741	10412	776.201	6.654411	64	1	9
155775	10432	365.5453	5.90139	64	1	3
75821	10438	816.7481	6.705331	63	1	17
82802	10454	1804.381	7.497973	62	1	51
77843	10470	837.0815	6.729921	62	1	35
67855	10487	1394.708	7.24044	63	1	25
89608	10487	1050.396	6.956923	64	1	10
621025	11754	1463.85	7.288825	64	0	1
482208	11758	1536.161	7.337042	64	0	70
482208	11759	1768.851	7.478086	64	0	32
541253	11774	1458.555	7.285202	64	0	81
397983	11787	1623.949	7.392616	62	0	29
417273	11790	715.2516	6.572634	62	0	36
503392	11790	1607.884	7.382675	64	0	56
164258	11796	1013.737	6.921398	63	1	92
216916	11798	4350.049	8.377942	64	1	22
478223	11806	889.3948	6.790541	64	0	29
499438	11808	1084.809	6.989159	63	0	71
462570	11820	1532.729	7.334805	63	0	35
532999	11823	841.485	6.735168	63	0	35
189856	11825	993.7906	6.901526	63	1	1
188647	11830	718.6304	6.577347	62	1	3
195644	11836	1779.936	7.484333	62	1	4
195644	11840	1093.76	6.997376	62	1	27
154998	11848	942.3789	6.848407	63	1	10
468459	11875	941.7634	6.847754	63	0	58
468459	11879	626.5573	6.44024	63	0	37
614937	11888	750.8519	6.621209	64	0	53
514782	11893	2111.064	7.654947	62	0	95
488096	11897	724.5237	6.585515	63	0	94
476131	11920	1978.949	7.590321	63	0	73
103144	11924	1119.345	7.020499	62	0	82
613040	11927	569.5566	6.344858	63	0	17
111301	11939	663.3512	6.497304	63	0	27
571788	11941	672.5632	6.511096	64	0	25
448735	11942	861.5562	6.75874	63	0	46
146936	11950	486.3625	6.186954	63	1	5
488183	11955	1757.402	7.471591	63	0	47
803680	11962	916.3796	6.820431	64	0	79
157940	11991	1977.842	7.589761	63	1	59
545064	11994	790.5609	6.672743	62	0	48
657557	11997	1066.15	6.971809	64	0	11
581402	12001	1441.613	7.273518	62	0	94
165773	12007	803.4094	6.688864	63	1	19
462408	12009	753.7007	6.624995	63	0	47
459898	12013	1599.561	7.377484	62	0	49
554814	12013	943.5098	6.849607	64	0	66
432338	12019	1140.706	7.039402	62	0	57
520566	12023	1341.011	7.201179	64	0	66
532951	12031	1013.596	6.921259	62	0	61
119383	12039	702.3504	6.554432	64	0	22
378517	12041	1003.045	6.910796	62	0	13
418360	12043	649.1735	6.4757	62	0	1
418360	12044	797.1715	6.68107	62	0	34
407028	12065	1068.901	6.974386	62	0	41
518904	12069	1186.79	7.079008	64	0	62
494935	12074	1069.307	6.974766	64	0	52
504939	12075	2827.9	7.947289	62	0	96
447901	12088	1186.992	7.079178	64	0	47
110647	12090	1030.33	6.937634	63	0	44
555055	12092	611.0576	6.415191	64	0	47
363376	12100	1513.253	7.322017	62	0	51
460240	12104	886.6408	6.78744	64	0	62
413377	12112	900.8149	6.8033	62	0	18
453050	12116	1842.703	7.518989	63	0	72
180208	12129	629.4691	6.444877	64	1	27
498149	12137	568.7618	6.343462	64	0	21
74139	12156	1527.084	7.331115	62	1	26
98534	12156	956.5966	6.863382	64	1	2
248222	12162	1945.25	7.573146	62	1	74
199518	12183	1450.444	7.279625	62	1	58
265170	12183	1238.813	7.121909	64	1	1
199518	12185	726.9233	6.588821	62	1	5
172172	12200	656.4578	6.486858	64	1	13
181192	12226	905.2061	6.808163	63	1	9
130938	12256	1745.027	7.464525	62	1	24
73199	12259	2928.526	7.982255	62	1	87
99089	12514	640.5286	6.462294	62	1	8
